#
# A fatal error has been detected by the Java Runtime Environment:
#
#  EXCEPTION_ACCESS_VIOLATION (0xc0000005) at pc=0x00007ffaecd88671, pid=2736, tid=0x0000000000002410
#
# JRE version: OpenJDK Runtime Environment (8.0_282-b08) (build 1.8.0_282-b08)
# Java VM: OpenJDK 64-Bit Server VM (25.282-b08 mixed mode windows-amd64 compressed oops)
# Problematic frame:
# C  [sgfplib.dll+0x8671]
#
# Failed to write core dump. Minidumps are not enabled by default on client versions of Windows
#
# If you would like to submit a bug report, please visit:
#   http://bugreport.java.com/bugreport/crash.jsp
# The crash happened outside the Java Virtual Machine in native code.
# See problematic frame for where to report the bug.
#

---------------  T H R E A D  ---------------

Current thread (0x000000001c98e000):  JavaThread "http-nio-8080-exec-4" daemon [_thread_in_native, id=9232, stack(0x000000001e110000,0x000000001e210000)]

siginfo: ExceptionCode=0xc0000005, reading address 0x0000000000000000

Registers:
RAX=0x0000000000000037, RBX=0x0000000000000000, RCX=0x0000000000000000, RDX=0x0000000001180000
RSP=0x000000001e20c410, RBP=0x000000000000000a, RSI=0x0000000001226f30, RDI=0x0000000000000037
R8 =0x0000000001283000, R9 =0x0000000000000001, R10=0x0000000001280000, R11=0x000000001e20c310
R12=0x0000000000000000, R13=0x000000001eb5e7b0, R14=0x0000000000000000, R15=0x0000000000000001
RIP=0x00007ffaecd88671, EFLAGS=0x0000000000010202

Top of Stack: (sp=0x000000001e20c410)
0x000000001e20c410:   0000000000000000 000000000000000a
0x000000001e20c420:   0000000001226f30 0000000000000000
0x000000001e20c430:   000000090000000a 0000000700000008
0x000000001e20c440:   0000000500000006 0000000300000004
0x000000001e20c450:   0000000000000001 00006cc5c6e14f64
0x000000001e20c460:   000000001c98e000 000000001e20c568
0x000000001e20c470:   0000000081df9cb8 0000000081df9c98
0x000000001e20c480:   000000001e20c538 0000000180001eab
0x000000001e20c490:   000000001e20c4c0 000000001e20c4c0
0x000000001e20c4a0:   000000001eb5e7b0 0000000000000003
0x000000001e20c4b0:   000000001a001350 0000000003268a07
0x000000001e20c4c0:   000000001c98e250 000000001e20c568
0x000000001e20c4d0:   00000000000000ff 0000000081df9c98
0x000000001e20c4e0:   000000001c98e000 000000000000000a
0x000000001e20c4f0:   0000000000000002 000000001e20c4f8
0x000000001e20c500:   0000000000000000 000000001e20c568 

Instructions: (pc=0x00007ffaecd88671)
0x00007ffaecd88651:   10 48 85 c9 74 38 48 8b 01 45 33 c0 ba bd 03 00
0x00007ffaecd88661:   00 ff 50 08 48 8b 4e 10 45 0f b6 f6 85 c0 8b f8
0x00007ffaecd88671:   48 8b 01 45 0f 44 f7 ff 90 c8 00 00 00 45 84 f6
0x00007ffaecd88681:   74 0c 8b d5 48 8b ce e8 23 e3 ff ff 8b f8 48 ff 


Register to memory mapping:

RAX=0x0000000000000037 is an unknown value
RBX=0x0000000000000000 is an unknown value
RCX=0x0000000000000000 is an unknown value
RDX=0x0000000001180000 is an unknown value
RSP=0x000000001e20c410 is pointing into the stack for thread: 0x000000001c98e000
RBP=0x000000000000000a is an unknown value
RSI=0x0000000001226f30 is an unknown value
RDI=0x0000000000000037 is an unknown value
R8 =0x0000000001283000 is an unknown value
R9 =0x0000000000000001 is an unknown value
R10=0x0000000001280000 is an unknown value
R11=0x000000001e20c310 is pointing into the stack for thread: 0x000000001c98e000
R12=0x0000000000000000 is an unknown value
R13={method} {0x000000001eb5e7b8} 'Init' '(J)J' in 'SecuGen/FDxSDKPro/jni/JSGFPLib'
R14=0x0000000000000000 is an unknown value
R15=0x0000000000000001 is an unknown value


Stack: [0x000000001e110000,0x000000001e210000],  sp=0x000000001e20c410,  free space=1009k
Native frames: (J=compiled Java code, j=interpreted, Vv=VM code, C=native code)
C  [sgfplib.dll+0x8671]
C  [jnisgfplib.dll+0x1eab]
C  0x0000000003268a07

Java frames: (J=compiled Java code, j=interpreted, Vv=VM code)
j  SecuGen.FDxSDKPro.jni.JSGFPLib.Init(J)J+0
J 2669 C1 com.example.rest.service.SecugenController.fingerprint()Lcom/example/rest/service/Secugen; (2995 bytes) @ 0x00000000037f6f04 [0x00000000037f6ce0+0x224]
v  ~StubRoutines::call_stub
J 1678  sun.reflect.NativeMethodAccessorImpl.invoke0(Ljava/lang/reflect/Method;Ljava/lang/Object;[Ljava/lang/Object;)Ljava/lang/Object; (0 bytes) @ 0x00000000035dcaff [0x00000000035dca80+0x7f]
J 1677 C1 sun.reflect.NativeMethodAccessorImpl.invoke(Ljava/lang/Object;[Ljava/lang/Object;)Ljava/lang/Object; (104 bytes) @ 0x00000000035dd25c [0x00000000035dcee0+0x37c]
J 1601 C1 sun.reflect.DelegatingMethodAccessorImpl.invoke(Ljava/lang/Object;[Ljava/lang/Object;)Ljava/lang/Object; (10 bytes) @ 0x00000000035c1324 [0x00000000035c12e0+0x44]
J 1600 C1 java.lang.reflect.Method.invoke(Ljava/lang/Object;[Ljava/lang/Object;)Ljava/lang/Object; (62 bytes) @ 0x00000000035c0f54 [0x00000000035c0e60+0xf4]
j  org.springframework.web.method.support.InvocableHandlerMethod.doInvoke([Ljava/lang/Object;)Ljava/lang/Object;+28
j  org.springframework.web.method.support.InvocableHandlerMethod.invokeForRequest(Lorg/springframework/web/context/request/NativeWebRequest;Lorg/springframework/web/method/support/ModelAndViewContainer;[Ljava/lang/Object;)Ljava/lang/Object;+54
j  org.springframework.web.servlet.mvc.method.annotation.ServletInvocableHandlerMethod.invokeAndHandle(Lorg/springframework/web/context/request/ServletWebRequest;Lorg/springframework/web/method/support/ModelAndViewContainer;[Ljava/lang/Object;)V+4
j  org.springframework.web.servlet.mvc.method.annotation.RequestMappingHandlerAdapter.invokeHandlerMethod(Ljavax/servlet/http/HttpServletRequest;Ljavax/servlet/http/HttpServletResponse;Lorg/springframework/web/method/HandlerMethod;)Lorg/springframework/web/servlet/ModelAndView;+244
j  org.springframework.web.servlet.mvc.method.annotation.RequestMappingHandlerAdapter.handleInternal(Ljavax/servlet/http/HttpServletRequest;Ljavax/servlet/http/HttpServletResponse;Lorg/springframework/web/method/HandlerMethod;)Lorg/springframework/web/servlet/ModelAndView;+81
j  org.springframework.web.servlet.mvc.method.AbstractHandlerMethodAdapter.handle(Ljavax/servlet/http/HttpServletRequest;Ljavax/servlet/http/HttpServletResponse;Ljava/lang/Object;)Lorg/springframework/web/servlet/ModelAndView;+7
j  org.springframework.web.servlet.DispatcherServlet.doDispatch(Ljavax/servlet/http/HttpServletRequest;Ljavax/servlet/http/HttpServletResponse;)V+259
j  org.springframework.web.servlet.DispatcherServlet.doService(Ljavax/servlet/http/HttpServletRequest;Ljavax/servlet/http/HttpServletResponse;)V+241
j  org.springframework.web.servlet.FrameworkServlet.processRequest(Ljavax/servlet/http/HttpServletRequest;Ljavax/servlet/http/HttpServletResponse;)V+71
j  org.springframework.web.servlet.FrameworkServlet.doGet(Ljavax/servlet/http/HttpServletRequest;Ljavax/servlet/http/HttpServletResponse;)V+3
j  javax.servlet.http.HttpServlet.service(Ljavax/servlet/http/HttpServletRequest;Ljavax/servlet/http/HttpServletResponse;)V+35
j  org.springframework.web.servlet.FrameworkServlet.service(Ljavax/servlet/http/HttpServletRequest;Ljavax/servlet/http/HttpServletResponse;)V+33
j  javax.servlet.http.HttpServlet.service(Ljavax/servlet/ServletRequest;Ljavax/servlet/ServletResponse;)V+36
j  org.apache.catalina.core.ApplicationFilterChain.internalDoFilter(Ljavax/servlet/ServletRequest;Ljavax/servlet/ServletResponse;)V+304
j  org.apache.catalina.core.ApplicationFilterChain.doFilter(Ljavax/servlet/ServletRequest;Ljavax/servlet/ServletResponse;)V+99
j  org.apache.tomcat.websocket.server.WsFilter.doFilter(Ljavax/servlet/ServletRequest;Ljavax/servlet/ServletResponse;Ljavax/servlet/FilterChain;)V+21
j  org.apache.catalina.core.ApplicationFilterChain.internalDoFilter(Ljavax/servlet/ServletRequest;Ljavax/servlet/ServletResponse;)V+135
j  org.apache.catalina.core.ApplicationFilterChain.doFilter(Ljavax/servlet/ServletRequest;Ljavax/servlet/ServletResponse;)V+99
j  org.springframework.web.filter.RequestContextFilter.doFilterInternal(Ljavax/servlet/http/HttpServletRequest;Ljavax/servlet/http/HttpServletResponse;Ljavax/servlet/FilterChain;)V+21
j  org.springframework.web.filter.OncePerRequestFilter.doFilter(Ljavax/servlet/ServletRequest;Ljavax/servlet/ServletResponse;Ljavax/servlet/FilterChain;)V+147
j  org.apache.catalina.core.ApplicationFilterChain.internalDoFilter(Ljavax/servlet/ServletRequest;Ljavax/servlet/ServletResponse;)V+135
j  org.apache.catalina.core.ApplicationFilterChain.doFilter(Ljavax/servlet/ServletRequest;Ljavax/servlet/ServletResponse;)V+99
j  org.springframework.web.filter.FormContentFilter.doFilterInternal(Ljavax/servlet/http/HttpServletRequest;Ljavax/servlet/http/HttpServletResponse;Ljavax/servlet/FilterChain;)V+38
j  org.springframework.web.filter.OncePerRequestFilter.doFilter(Ljavax/servlet/ServletRequest;Ljavax/servlet/ServletResponse;Ljavax/servlet/FilterChain;)V+147
j  org.apache.catalina.core.ApplicationFilterChain.internalDoFilter(Ljavax/servlet/ServletRequest;Ljavax/servlet/ServletResponse;)V+135
j  org.apache.catalina.core.ApplicationFilterChain.doFilter(Ljavax/servlet/ServletRequest;Ljavax/servlet/ServletResponse;)V+99
j  org.springframework.web.filter.CharacterEncodingFilter.doFilterInternal(Ljavax/servlet/http/HttpServletRequest;Ljavax/servlet/http/HttpServletResponse;Ljavax/servlet/FilterChain;)V+53
j  org.springframework.web.filter.OncePerRequestFilter.doFilter(Ljavax/servlet/ServletRequest;Ljavax/servlet/ServletResponse;Ljavax/servlet/FilterChain;)V+147
j  org.apache.catalina.core.ApplicationFilterChain.internalDoFilter(Ljavax/servlet/ServletRequest;Ljavax/servlet/ServletResponse;)V+135
j  org.apache.catalina.core.ApplicationFilterChain.doFilter(Ljavax/servlet/ServletRequest;Ljavax/servlet/ServletResponse;)V+99
j  org.apache.catalina.core.StandardWrapperValve.invoke(Lorg/apache/catalina/connector/Request;Lorg/apache/catalina/connector/Response;)V+694
j  org.apache.catalina.core.StandardContextValve.invoke(Lorg/apache/catalina/connector/Request;Lorg/apache/catalina/connector/Response;)V+169
j  org.apache.catalina.authenticator.AuthenticatorBase.invoke(Lorg/apache/catalina/connector/Request;Lorg/apache/catalina/connector/Response;)V+260
j  org.apache.catalina.core.StandardHostValve.invoke(Lorg/apache/catalina/connector/Request;Lorg/apache/catalina/connector/Response;)V+128
j  org.apache.catalina.valves.ErrorReportValve.invoke(Lorg/apache/catalina/connector/Request;Lorg/apache/catalina/connector/Response;)V+6
j  org.apache.catalina.core.StandardEngineValve.invoke(Lorg/apache/catalina/connector/Request;Lorg/apache/catalina/connector/Response;)V+59
j  org.apache.catalina.connector.CoyoteAdapter.service(Lorg/apache/coyote/Request;Lorg/apache/coyote/Response;)V+203
j  org.apache.coyote.http11.Http11Processor.service(Lorg/apache/tomcat/util/net/SocketWrapperBase;)Lorg/apache/tomcat/util/net/AbstractEndpoint$Handler$SocketState;+796
j  org.apache.coyote.AbstractProcessorLight.process(Lorg/apache/tomcat/util/net/SocketWrapperBase;Lorg/apache/tomcat/util/net/SocketEvent;)Lorg/apache/tomcat/util/net/AbstractEndpoint$Handler$SocketState;+170
j  org.apache.coyote.AbstractProtocol$ConnectionHandler.process(Lorg/apache/tomcat/util/net/SocketWrapperBase;Lorg/apache/tomcat/util/net/SocketEvent;)Lorg/apache/tomcat/util/net/AbstractEndpoint$Handler$SocketState;+495
j  org.apache.tomcat.util.net.NioEndpoint$SocketProcessor.doRun()V+216
j  org.apache.tomcat.util.net.SocketProcessorBase.run()V+21
j  org.apache.tomcat.util.threads.ThreadPoolExecutor.runWorker(Lorg/apache/tomcat/util/threads/ThreadPoolExecutor$Worker;)V+92
j  org.apache.tomcat.util.threads.ThreadPoolExecutor$Worker.run()V+5
j  org.apache.tomcat.util.threads.TaskThread$WrappingRunnable.run()V+4
j  java.lang.Thread.run()V+11
v  ~StubRoutines::call_stub

---------------  P R O C E S S  ---------------

Java Threads: ( => current thread )
  0x000000001cfed800 JavaThread "http-nio-8080-exec-20" daemon [_thread_in_native, id=14976, stack(0x0000000020180000,0x0000000020280000)]
  0x000000001cff4800 JavaThread "http-nio-8080-exec-19" daemon [_thread_in_native, id=10468, stack(0x000000001f950000,0x000000001fa50000)]
  0x000000001cff3800 JavaThread "http-nio-8080-exec-18" daemon [_thread_in_native, id=2648, stack(0x000000001f320000,0x000000001f420000)]
  0x000000001cfec800 JavaThread "http-nio-8080-exec-17" daemon [_thread_in_native, id=9756, stack(0x00000000013d0000,0x00000000014d0000)]
  0x000000001cff1800 JavaThread "http-nio-8080-exec-16" daemon [_thread_in_native, id=13992, stack(0x000000001f850000,0x000000001f950000)]
  0x000000001cfec000 JavaThread "http-nio-8080-exec-15" daemon [_thread_in_native, id=6472, stack(0x000000001f520000,0x000000001f620000)]
  0x000000001cfeb000 JavaThread "http-nio-8080-exec-14" daemon [_thread_in_native, id=6712, stack(0x000000001f420000,0x000000001f520000)]
  0x000000001c998800 JavaThread "http-nio-8080-exec-13" daemon [_thread_in_native, id=12680, stack(0x000000001f220000,0x000000001f320000)]
  0x000000001c99a000 JavaThread "http-nio-8080-exec-12" daemon [_thread_in_native, id=11784, stack(0x00000000015d0000,0x00000000016d0000)]
  0x000000001c997800 JavaThread "http-nio-8080-exec-11" daemon [_thread_in_native, id=13892, stack(0x00000000014d0000,0x00000000015d0000)]
  0x000000001c996800 JavaThread "Java2D Disposer" daemon [_thread_blocked, id=10500, stack(0x000000001fd80000,0x000000001fe80000)]
  0x000000001c996000 JavaThread "DestroyJavaVM" [_thread_blocked, id=13016, stack(0x0000000002f90000,0x0000000003090000)]
  0x000000001c99c000 JavaThread "http-nio-8080-Acceptor" daemon [_thread_in_native, id=13808, stack(0x000000001ea10000,0x000000001eb10000)]
  0x000000001c99b800 JavaThread "http-nio-8080-Poller" daemon [_thread_in_native, id=5060, stack(0x000000001e910000,0x000000001ea10000)]
  0x000000001c995000 JavaThread "http-nio-8080-exec-10" daemon [_thread_in_native, id=6148, stack(0x000000001e810000,0x000000001e910000)]
  0x000000001c99a800 JavaThread "http-nio-8080-exec-9" daemon [_thread_in_native, id=6124, stack(0x000000001e710000,0x000000001e810000)]
  0x000000001c999000 JavaThread "http-nio-8080-exec-8" daemon [_thread_in_native, id=1108, stack(0x000000001e610000,0x000000001e710000)]
  0x000000001c992800 JavaThread "http-nio-8080-exec-7" daemon [_thread_in_native, id=6852, stack(0x000000001e510000,0x000000001e610000)]
  0x000000001c98f800 JavaThread "http-nio-8080-exec-6" daemon [_thread_in_native, id=6684, stack(0x000000001e410000,0x000000001e510000)]
  0x000000001c98f000 JavaThread "http-nio-8080-exec-5" daemon [_thread_in_native, id=13092, stack(0x000000001e210000,0x000000001e310000)]
=>0x000000001c98e000 JavaThread "http-nio-8080-exec-4" daemon [_thread_in_native, id=9232, stack(0x000000001e110000,0x000000001e210000)]
  0x000000001c928800 JavaThread "http-nio-8080-exec-3" daemon [_thread_in_native, id=6508, stack(0x000000001e010000,0x000000001e110000)]
  0x000000001c925800 JavaThread "http-nio-8080-exec-2" daemon [_thread_in_native, id=2960, stack(0x000000001df10000,0x000000001e010000)]
  0x000000001c925000 JavaThread "http-nio-8080-exec-1" daemon [_thread_in_native, id=9120, stack(0x000000001de10000,0x000000001df10000)]
  0x000000001c7db800 JavaThread "container-0" [_thread_blocked, id=2896, stack(0x000000001db10000,0x000000001dc10000)]
  0x000000001c798000 JavaThread "Catalina-utility-2" [_thread_blocked, id=8220, stack(0x000000001da10000,0x000000001db10000)]
  0x000000001c77a000 JavaThread "Catalina-utility-1" [_thread_blocked, id=4888, stack(0x000000001bd40000,0x000000001be40000)]
  0x000000001a07d000 JavaThread "Service Thread" daemon [_thread_blocked, id=2460, stack(0x000000001acb0000,0x000000001adb0000)]
  0x0000000019ff3000 JavaThread "C1 CompilerThread3" daemon [_thread_blocked, id=616, stack(0x000000001abb0000,0x000000001acb0000)]
  0x0000000019fed000 JavaThread "C2 CompilerThread2" daemon [_thread_blocked, id=12976, stack(0x000000001aab0000,0x000000001abb0000)]
  0x0000000019fe8800 JavaThread "C2 CompilerThread1" daemon [_thread_blocked, id=14544, stack(0x000000001a9b0000,0x000000001aab0000)]
  0x0000000019fec800 JavaThread "C2 CompilerThread0" daemon [_thread_blocked, id=108, stack(0x000000001a8b0000,0x000000001a9b0000)]
  0x0000000019fdf800 JavaThread "Attach Listener" daemon [_thread_blocked, id=7004, stack(0x000000001a7b0000,0x000000001a8b0000)]
  0x00000000181ee800 JavaThread "Signal Dispatcher" daemon [_thread_blocked, id=12672, stack(0x000000001a6b0000,0x000000001a7b0000)]
  0x000000000324a000 JavaThread "Finalizer" daemon [_thread_blocked, id=13996, stack(0x000000001a4b0000,0x000000001a5b0000)]
  0x0000000019fd0800 JavaThread "Reference Handler" daemon [_thread_blocked, id=6652, stack(0x000000001a3b0000,0x000000001a4b0000)]

Other Threads:
  0x00000000181d6800 VMThread [stack: 0x0000000019eb0000,0x0000000019fb0000] [id=15080]
  0x000000001a07e000 WatcherThread [stack: 0x000000001adb0000,0x000000001aeb0000] [id=3260]

VM state:not at safepoint (normal execution)

VM Mutex/Monitor currently owned by a thread: None

heap address: 0x0000000081a00000, size: 2022 MB, Compressed Oops mode: 32-bit
Narrow klass base: 0x0000000000000000, Narrow klass shift: 3
Compressed class space size: 1073741824 Address: 0x0000000100000000

Heap:
 PSYoungGen      total 49152K, used 44976K [0x00000000d5e00000, 0x00000000d9980000, 0x0000000100000000)
  eden space 41472K, 92% used [0x00000000d5e00000,0x00000000d837c2d8,0x00000000d8680000)
  from space 7680K, 85% used [0x00000000d9200000,0x00000000d9870020,0x00000000d9980000)
  to   space 9728K, 0% used [0x00000000d8680000,0x00000000d8680000,0x00000000d9000000)
 ParOldGen       total 66560K, used 7312K [0x0000000081a00000, 0x0000000085b00000, 0x00000000d5e00000)
  object space 66560K, 10% used [0x0000000081a00000,0x0000000082124100,0x0000000085b00000)
 Metaspace       used 29025K, capacity 31121K, committed 31488K, reserved 1077248K
  class space    used 3837K, capacity 4227K, committed 4352K, reserved 1048576K

Card table byte_map: [0x0000000012610000,0x0000000012a10000] byte_map_base: 0x0000000012203000

Marking Bits: (ParMarkBitMap*) 0x0000000056193420
 Begin Bits: [0x00000000134c0000, 0x0000000015458000)
 End Bits:   [0x0000000015458000, 0x00000000173f0000)

Polling page: 0x0000000002ef0000

CodeCache: size=245760Kb used=6355Kb max_used=6355Kb free=239404Kb
 bounds [0x0000000003250000, 0x0000000003890000, 0x0000000012250000]
 total_blobs=3410 nmethods=2960 adapters=362
 compilation: enabled

Compilation events (10 events):
Event: 472.144 Thread 0x0000000019ff3000 3008       1       org.apache.coyote.Request::requestURI (5 bytes)
Event: 472.145 Thread 0x0000000019ff3000 nmethod 3008 0x0000000003884890 code [0x00000000038849e0, 0x0000000003884af0]
Event: 473.150 Thread 0x0000000019ff3000 3009       1       java.nio.channels.spi.AbstractSelector::begin (48 bytes)
Event: 473.150 Thread 0x0000000019ff3000 nmethod 3009 0x0000000003884f50 code [0x00000000038850e0, 0x0000000003885518]
Event: 473.150 Thread 0x0000000019ff3000 3010       1       sun.nio.ch.WindowsSelectorImpl$SubSelector::poll (51 bytes)
Event: 473.150 Thread 0x0000000019ff3000 nmethod 3010 0x0000000003885750 code [0x00000000038858c0, 0x0000000003885a48]
Event: 473.150 Thread 0x0000000019ff3000 3011       1       sun.nio.ch.WindowsSelectorImpl::access$1800 (5 bytes)
Event: 473.150 Thread 0x0000000019ff3000 nmethod 3011 0x0000000003885b10 code [0x0000000003885c60, 0x0000000003885d50]
Event: 474.154 Thread 0x0000000019ff3000 3013       1       java.util.concurrent.atomic.AtomicLong::set (6 bytes)
Event: 474.154 Thread 0x0000000019ff3000 nmethod 3013 0x0000000003885dd0 code [0x0000000003885f20, 0x0000000003886050]

GC Heap History (10 events):
Event: 6.453 GC heap before
{Heap before GC invocations=3 (full 0):
 PSYoungGen      total 38400K, used 38373K [0x00000000d5e00000, 0x00000000d8880000, 0x0000000100000000)
  eden space 33280K, 100% used [0x00000000d5e00000,0x00000000d7e80000,0x00000000d7e80000)
  from space 5120K, 99% used [0x00000000d8380000,0x00000000d88795e8,0x00000000d8880000)
  to   space 5120K, 0% used [0x00000000d7e80000,0x00000000d7e80000,0x00000000d8380000)
 ParOldGen       total 87552K, used 4589K [0x0000000081a00000, 0x0000000086f80000, 0x00000000d5e00000)
  object space 87552K, 5% used [0x0000000081a00000,0x0000000081e7b5b0,0x0000000086f80000)
 Metaspace       used 19071K, capacity 20120K, committed 20224K, reserved 1067008K
  class space    used 2527K, capacity 2744K, committed 2816K, reserved 1048576K
Event: 6.459 GC heap after
Heap after GC invocations=3 (full 0):
 PSYoungGen      total 38400K, used 5104K [0x00000000d5e00000, 0x00000000d8880000, 0x0000000100000000)
  eden space 33280K, 0% used [0x00000000d5e00000,0x00000000d5e00000,0x00000000d7e80000)
  from space 5120K, 99% used [0x00000000d7e80000,0x00000000d837c170,0x00000000d8380000)
  to   space 5120K, 0% used [0x00000000d8380000,0x00000000d8380000,0x00000000d8880000)
 ParOldGen       total 87552K, used 8031K [0x0000000081a00000, 0x0000000086f80000, 0x00000000d5e00000)
  object space 87552K, 9% used [0x0000000081a00000,0x00000000821d7fb8,0x0000000086f80000)
 Metaspace       used 19071K, capacity 20120K, committed 20224K, reserved 1067008K
  class space    used 2527K, capacity 2744K, committed 2816K, reserved 1048576K
}
Event: 6.806 GC heap before
{Heap before GC invocations=4 (full 0):
 PSYoungGen      total 38400K, used 10707K [0x00000000d5e00000, 0x00000000d8880000, 0x0000000100000000)
  eden space 33280K, 16% used [0x00000000d5e00000,0x00000000d6378d68,0x00000000d7e80000)
  from space 5120K, 99% used [0x00000000d7e80000,0x00000000d837c170,0x00000000d8380000)
  to   space 5120K, 0% used [0x00000000d8380000,0x00000000d8380000,0x00000000d8880000)
 ParOldGen       total 87552K, used 8031K [0x0000000081a00000, 0x0000000086f80000, 0x00000000d5e00000)
  object space 87552K, 9% used [0x0000000081a00000,0x00000000821d7fb8,0x0000000086f80000)
 Metaspace       used 19952K, capacity 21193K, committed 21296K, reserved 1067008K
  class space    used 2665K, capacity 2944K, committed 2944K, reserved 1048576K
Event: 6.810 GC heap after
Heap after GC invocations=4 (full 0):
 PSYoungGen      total 38400K, used 5093K [0x00000000d5e00000, 0x00000000d8880000, 0x0000000100000000)
  eden space 33280K, 0% used [0x00000000d5e00000,0x00000000d5e00000,0x00000000d7e80000)
  from space 5120K, 99% used [0x00000000d8380000,0x00000000d8879658,0x00000000d8880000)
  to   space 5120K, 0% used [0x00000000d7e80000,0x00000000d7e80000,0x00000000d8380000)
 ParOldGen       total 87552K, used 9109K [0x0000000081a00000, 0x0000000086f80000, 0x00000000d5e00000)
  object space 87552K, 10% used [0x0000000081a00000,0x00000000822e55b0,0x0000000086f80000)
 Metaspace       used 19952K, capacity 21193K, committed 21296K, reserved 1067008K
  class space    used 2665K, capacity 2944K, committed 2944K, reserved 1048576K
}
Event: 6.810 GC heap before
{Heap before GC invocations=5 (full 1):
 PSYoungGen      total 38400K, used 5093K [0x00000000d5e00000, 0x00000000d8880000, 0x0000000100000000)
  eden space 33280K, 0% used [0x00000000d5e00000,0x00000000d5e00000,0x00000000d7e80000)
  from space 5120K, 99% used [0x00000000d8380000,0x00000000d8879658,0x00000000d8880000)
  to   space 5120K, 0% used [0x00000000d7e80000,0x00000000d7e80000,0x00000000d8380000)
 ParOldGen       total 87552K, used 9109K [0x0000000081a00000, 0x0000000086f80000, 0x00000000d5e00000)
  object space 87552K, 10% used [0x0000000081a00000,0x00000000822e55b0,0x0000000086f80000)
 Metaspace       used 19952K, capacity 21193K, committed 21296K, reserved 1067008K
  class space    used 2665K, capacity 2944K, committed 2944K, reserved 1048576K
Event: 6.886 GC heap after
Heap after GC invocations=5 (full 1):
 PSYoungGen      total 38400K, used 0K [0x00000000d5e00000, 0x00000000d8880000, 0x0000000100000000)
  eden space 33280K, 0% used [0x00000000d5e00000,0x00000000d5e00000,0x00000000d7e80000)
  from space 5120K, 0% used [0x00000000d8380000,0x00000000d8380000,0x00000000d8880000)
  to   space 5120K, 0% used [0x00000000d7e80000,0x00000000d7e80000,0x00000000d8380000)
 ParOldGen       total 66560K, used 6371K [0x0000000081a00000, 0x0000000085b00000, 0x00000000d5e00000)
  object space 66560K, 9% used [0x0000000081a00000,0x0000000082038f90,0x0000000085b00000)
 Metaspace       used 19952K, capacity 21193K, committed 21296K, reserved 1067008K
  class space    used 2665K, capacity 2944K, committed 2944K, reserved 1048576K
}
Event: 9.054 GC heap before
{Heap before GC invocations=6 (full 1):
 PSYoungGen      total 38400K, used 33280K [0x00000000d5e00000, 0x00000000d8880000, 0x0000000100000000)
  eden space 33280K, 100% used [0x00000000d5e00000,0x00000000d7e80000,0x00000000d7e80000)
  from space 5120K, 0% used [0x00000000d8380000,0x00000000d8380000,0x00000000d8880000)
  to   space 5120K, 0% used [0x00000000d7e80000,0x00000000d7e80000,0x00000000d8380000)
 ParOldGen       total 66560K, used 6371K [0x0000000081a00000, 0x0000000085b00000, 0x00000000d5e00000)
  object space 66560K, 9% used [0x0000000081a00000,0x0000000082038f90,0x0000000085b00000)
 Metaspace       used 24255K, capacity 26011K, committed 26112K, reserved 1071104K
  class space    used 3237K, capacity 3560K, committed 3584K, reserved 1048576K
Event: 9.057 GC heap after
Heap after GC invocations=6 (full 1):
 PSYoungGen      total 38400K, used 5093K [0x00000000d5e00000, 0x00000000d9b80000, 0x0000000100000000)
  eden space 33280K, 0% used [0x00000000d5e00000,0x00000000d5e00000,0x00000000d7e80000)
  from space 5120K, 99% used [0x00000000d7e80000,0x00000000d83797f8,0x00000000d8380000)
  to   space 9728K, 0% used [0x00000000d9200000,0x00000000d9200000,0x00000000d9b80000)
 ParOldGen       total 66560K, used 7304K [0x0000000081a00000, 0x0000000085b00000, 0x00000000d5e00000)
  object space 66560K, 10% used [0x0000000081a00000,0x0000000082122100,0x0000000085b00000)
 Metaspace       used 24255K, capacity 26011K, committed 26112K, reserved 1071104K
  class space    used 3237K, capacity 3560K, committed 3584K, reserved 1048576K
}
Event: 50.927 GC heap before
{Heap before GC invocations=7 (full 1):
 PSYoungGen      total 38400K, used 38373K [0x00000000d5e00000, 0x00000000d9b80000, 0x0000000100000000)
  eden space 33280K, 100% used [0x00000000d5e00000,0x00000000d7e80000,0x00000000d7e80000)
  from space 5120K, 99% used [0x00000000d7e80000,0x00000000d83797f8,0x00000000d8380000)
  to   space 9728K, 0% used [0x00000000d9200000,0x00000000d9200000,0x00000000d9b80000)
 ParOldGen       total 66560K, used 7304K [0x0000000081a00000, 0x0000000085b00000, 0x00000000d5e00000)
  object space 66560K, 10% used [0x0000000081a00000,0x0000000082122100,0x0000000085b00000)
 Metaspace       used 28658K, capacity 30759K, committed 30848K, reserved 1075200K
  class space    used 3791K, capacity 4154K, committed 4224K, reserved 1048576K
Event: 50.938 GC heap after
Heap after GC invocations=7 (full 1):
 PSYoungGen      total 49152K, used 6592K [0x00000000d5e00000, 0x00000000d9980000, 0x0000000100000000)
  eden space 41472K, 0% used [0x00000000d5e00000,0x00000000d5e00000,0x00000000d8680000)
  from space 7680K, 85% used [0x00000000d9200000,0x00000000d9870020,0x00000000d9980000)
  to   space 9728K, 0% used [0x00000000d8680000,0x00000000d8680000,0x00000000d9000000)
 ParOldGen       total 66560K, used 7312K [0x0000000081a00000, 0x0000000085b00000, 0x00000000d5e00000)
  object space 66560K, 10% used [0x0000000081a00000,0x0000000082124100,0x0000000085b00000)
 Metaspace       used 28658K, capacity 30759K, committed 30848K, reserved 1075200K
  class space    used 3791K, capacity 4154K, committed 4224K, reserved 1048576K
}

Deoptimization events (0 events):
No events

Classes redefined (0 events):
No events

Internal exceptions (10 events):
Event: 64.354 Thread 0x000000001c98e000 Exception <a 'java/lang/ArrayIndexOutOfBoundsException'> (0x00000000d6c18168) thrown at [C:\cygwin64\tmp\build\source\java-1.8.0-openjdk\tmp\jdk8u\hotspot\src\share\vm\runtime\sharedRuntime.cpp, line 605]
Event: 64.354 Thread 0x000000001c98e000 Exception <a 'java/lang/ArrayIndexOutOfBoundsException'> (0x00000000d6c19608) thrown at [C:\cygwin64\tmp\build\source\java-1.8.0-openjdk\tmp\jdk8u\hotspot\src\share\vm\runtime\sharedRuntime.cpp, line 605]
Event: 64.355 Thread 0x000000001c98e000 Exception <a 'java/lang/ArrayIndexOutOfBoundsException'> (0x00000000d6c286d0) thrown at [C:\cygwin64\tmp\build\source\java-1.8.0-openjdk\tmp\jdk8u\hotspot\src\share\vm\runtime\sharedRuntime.cpp, line 605]
Event: 64.355 Thread 0x000000001c98e000 Exception <a 'java/lang/ArrayIndexOutOfBoundsException'> (0x00000000d6c2f700) thrown at [C:\cygwin64\tmp\build\source\java-1.8.0-openjdk\tmp\jdk8u\hotspot\src\share\vm\runtime\sharedRuntime.cpp, line 605]
Event: 64.355 Thread 0x000000001c98e000 Exception <a 'java/lang/ArrayIndexOutOfBoundsException'> (0x00000000d6c30568) thrown at [C:\cygwin64\tmp\build\source\java-1.8.0-openjdk\tmp\jdk8u\hotspot\src\share\vm\runtime\sharedRuntime.cpp, line 605]
Event: 64.355 Thread 0x000000001c98e000 Exception <a 'java/lang/ArrayIndexOutOfBoundsException'> (0x00000000d6c32280) thrown at [C:\cygwin64\tmp\build\source\java-1.8.0-openjdk\tmp\jdk8u\hotspot\src\share\vm\runtime\sharedRuntime.cpp, line 605]
Event: 64.355 Thread 0x000000001c98e000 Exception <a 'java/lang/ArrayIndexOutOfBoundsException'> (0x00000000d6c38ee8) thrown at [C:\cygwin64\tmp\build\source\java-1.8.0-openjdk\tmp\jdk8u\hotspot\src\share\vm\runtime\sharedRuntime.cpp, line 605]
Event: 64.429 Thread 0x000000001c98e000 Exception <a 'java/lang/ArrayIndexOutOfBoundsException'> (0x00000000d6d8fd30) thrown at [C:\cygwin64\tmp\build\source\java-1.8.0-openjdk\tmp\jdk8u\hotspot\src\share\vm\runtime\sharedRuntime.cpp, line 605]
Event: 64.467 Thread 0x000000001c98e000 Exception <a 'java/lang/ArrayIndexOutOfBoundsException'> (0x00000000d6dbf540) thrown at [C:\cygwin64\tmp\build\source\java-1.8.0-openjdk\tmp\jdk8u\hotspot\src\share\vm\runtime\sharedRuntime.cpp, line 605]
Event: 64.469 Thread 0x000000001c98e000 Exception <a 'java/lang/ArrayIndexOutOfBoundsException'> (0x00000000d6dcf408) thrown at [C:\cygwin64\tmp\build\source\java-1.8.0-openjdk\tmp\jdk8u\hotspot\src\share\vm\runtime\sharedRuntime.cpp, line 605]

Events (10 events):
Event: 396.371 Thread 0x000000001cff1800 Thread added: 0x000000001cff1800
Event: 422.905 Thread 0x000000001cfec800 Thread added: 0x000000001cfec800
Event: 442.735 Thread 0x0000000019ff3000 flushing nmethod 0x0000000003417a90
Event: 442.735 Thread 0x0000000019ff3000 flushing nmethod 0x0000000003439c90
Event: 468.251 Thread 0x000000001cff3800 Thread added: 0x000000001cff3800
Event: 469.272 Thread 0x0000000019ff3000 flushing nmethod 0x00000000035a1c50
Event: 470.459 Thread 0x000000001cff4800 Thread added: 0x000000001cff4800
Event: 470.462 Thread 0x0000000019ff3000 flushing nmethod 0x00000000036392d0
Event: 470.463 Thread 0x0000000019ff3000 flushing nmethod 0x000000000366e250
Event: 472.141 Thread 0x000000001cfed800 Thread added: 0x000000001cfed800


Dynamic libraries:
0x00007ff614870000 - 0x00007ff6148a5000 	C:\Program Files\OpenJDK\openjdk-8u282-b08\jre\bin\java.exe
0x00007ffb05e60000 - 0x00007ffb06069000 	C:\WINDOWS\SYSTEM32\ntdll.dll
0x00007ffb04a60000 - 0x00007ffb04b1d000 	C:\WINDOWS\System32\KERNEL32.DLL
0x00007ffb03830000 - 0x00007ffb03ba4000 	C:\WINDOWS\System32\KERNELBASE.dll
0x00007ffb04ee0000 - 0x00007ffb04f8e000 	C:\WINDOWS\System32\ADVAPI32.dll
0x00007ffb04060000 - 0x00007ffb04103000 	C:\WINDOWS\System32\msvcrt.dll
0x00007ffb05870000 - 0x00007ffb0590e000 	C:\WINDOWS\System32\sechost.dll
0x00007ffb04b20000 - 0x00007ffb04c40000 	C:\WINDOWS\System32\RPCRT4.dll
0x00007ffb056c0000 - 0x00007ffb0586c000 	C:\WINDOWS\System32\USER32.dll
0x00007ffb03bb0000 - 0x00007ffb03bd6000 	C:\WINDOWS\System32\win32u.dll
0x00007ffb04ff0000 - 0x00007ffb05019000 	C:\WINDOWS\System32\GDI32.dll
0x00007ffb03580000 - 0x00007ffb03692000 	C:\WINDOWS\System32\gdi32full.dll
0x00007ffb03720000 - 0x00007ffb037bd000 	C:\WINDOWS\System32\msvcp_win.dll
0x00007ffb03be0000 - 0x00007ffb03cf1000 	C:\WINDOWS\System32\ucrtbase.dll
0x00007ffae97f0000 - 0x00007ffae9a95000 	C:\WINDOWS\WinSxS\amd64_microsoft.windows.common-controls_6595b64144ccf1df_6.0.22000.120_none_9d947278b86cc467\COMCTL32.dll
0x00007ffb05de0000 - 0x00007ffb05e11000 	C:\WINDOWS\System32\IMM32.DLL
0x0000000056550000 - 0x0000000056622000 	C:\Program Files\OpenJDK\openjdk-8u282-b08\jre\bin\msvcr100.dll
0x0000000055980000 - 0x0000000056215000 	C:\Program Files\OpenJDK\openjdk-8u282-b08\jre\bin\server\jvm.dll
0x00007ffb05490000 - 0x00007ffb05498000 	C:\WINDOWS\System32\PSAPI.DLL
0x00007ffaf0260000 - 0x00007ffaf0269000 	C:\WINDOWS\SYSTEM32\WSOCK32.dll
0x00007ffafc300000 - 0x00007ffafc333000 	C:\WINDOWS\SYSTEM32\WINMM.dll
0x00007ffafe0b0000 - 0x00007ffafe0ba000 	C:\WINDOWS\SYSTEM32\VERSION.dll
0x00007ffb05d70000 - 0x00007ffb05ddf000 	C:\WINDOWS\System32\WS2_32.dll
0x00007ffaff810000 - 0x00007ffaff81f000 	C:\Program Files\OpenJDK\openjdk-8u282-b08\jre\bin\verify.dll
0x00007ffaf0bc0000 - 0x00007ffaf0be9000 	C:\Program Files\OpenJDK\openjdk-8u282-b08\jre\bin\java.dll
0x00007ffaf83a0000 - 0x00007ffaf83b6000 	C:\Program Files\OpenJDK\openjdk-8u282-b08\jre\bin\zip.dll
0x00007ffb04190000 - 0x00007ffb0493e000 	C:\WINDOWS\System32\SHELL32.dll
0x00007ffb01480000 - 0x00007ffb01ce8000 	C:\WINDOWS\SYSTEM32\windows.storage.dll
0x00007ffb059f0000 - 0x00007ffb05d68000 	C:\WINDOWS\System32\combase.dll
0x00007ffb012f0000 - 0x00007ffb01456000 	C:\WINDOWS\SYSTEM32\wintypes.dll
0x00007ffb04950000 - 0x00007ffb04a3a000 	C:\WINDOWS\System32\SHCORE.dll
0x00007ffb04e80000 - 0x00007ffb04edd000 	C:\WINDOWS\System32\shlwapi.dll
0x00007ffb03280000 - 0x00007ffb032a1000 	C:\WINDOWS\SYSTEM32\profapi.dll
0x00007ffafb460000 - 0x00007ffafb46d000 	C:\Program Files\OpenJDK\openjdk-8u282-b08\jre\bin\management.dll
0x00007ffaf0370000 - 0x00007ffaf038b000 	C:\Program Files\OpenJDK\openjdk-8u282-b08\jre\bin\net.dll
0x00007ffb02920000 - 0x00007ffb02987000 	C:\WINDOWS\system32\mswsock.dll
0x00007ffae1f40000 - 0x00007ffae1f57000 	C:\WINDOWS\system32\napinsp.dll
0x00007ffadcfd0000 - 0x00007ffadcfeb000 	C:\WINDOWS\system32\pnrpnsp.dll
0x00007ffb02040000 - 0x00007ffb02127000 	C:\WINDOWS\SYSTEM32\DNSAPI.dll
0x00007ffb02010000 - 0x00007ffb0203d000 	C:\WINDOWS\SYSTEM32\IPHLPAPI.DLL
0x00007ffb04e40000 - 0x00007ffb04e49000 	C:\WINDOWS\System32\NSI.dll
0x00007ffadbc90000 - 0x00007ffadbca2000 	C:\WINDOWS\System32\winrnr.dll
0x00007ffaf9700000 - 0x00007ffaf9715000 	C:\WINDOWS\system32\wshbth.dll
0x00007ffae3710000 - 0x00007ffae372f000 	C:\WINDOWS\system32\nlansp_c.dll
0x00007ffaf8050000 - 0x00007ffaf805a000 	C:\Windows\System32\rasadhlp.dll
0x00007ffafce40000 - 0x00007ffafcec1000 	C:\WINDOWS\System32\fwpuclnt.dll
0x00007ffaf0350000 - 0x00007ffaf0362000 	C:\Program Files\OpenJDK\openjdk-8u282-b08\jre\bin\nio.dll
0x00007ffb02bb0000 - 0x00007ffb02bc8000 	C:\WINDOWS\SYSTEM32\CRYPTSP.dll
0x00007ffb023b0000 - 0x00007ffb023e5000 	C:\WINDOWS\system32\rsaenh.dll
0x00007ffb02a60000 - 0x00007ffb02a89000 	C:\WINDOWS\SYSTEM32\USERENV.dll
0x00007ffb02d30000 - 0x00007ffb02d57000 	C:\WINDOWS\SYSTEM32\bcrypt.dll
0x00007ffb036a0000 - 0x00007ffb0371f000 	C:\WINDOWS\System32\bcryptprimitives.dll
0x00007ffb02bd0000 - 0x00007ffb02bdc000 	C:\WINDOWS\SYSTEM32\CRYPTBASE.dll
0x00007ffafd4b0000 - 0x00007ffafd4c9000 	C:\WINDOWS\SYSTEM32\dhcpcsvc6.DLL
0x00007ffafd8e0000 - 0x00007ffafd8fe000 	C:\WINDOWS\SYSTEM32\dhcpcsvc.DLL
0x0000000180000000 - 0x000000018000b000 	C:\Windows\System32\jnisgfplib.dll
0x0000000057ae0000 - 0x0000000057b83000 	C:\WINDOWS\WinSxS\amd64_microsoft.vc90.crt_1fc8b3b9a1e18e3b_9.0.30729.9635_none_08e2c157a83ed5da\MSVCR90.dll
0x00007ffaecd80000 - 0x00007ffaecdbc000 	C:\WINDOWS\SYSTEM32\sgfplib.dll
0x00007ffb05020000 - 0x00007ffb0548c000 	C:\WINDOWS\System32\SETUPAPI.dll
0x00007ffaef390000 - 0x00007ffaef3a8000 	C:\WINDOWS\SYSTEM32\sgwsqlib.dll
0x00007ffb00180000 - 0x00007ffb001ad000 	C:\WINDOWS\SYSTEM32\winbio.dll
0x00007ffaf2250000 - 0x00007ffaf2260000 	C:\WINDOWS\SYSTEM32\winbioext.dll
0x000000001f730000 - 0x000000001f7e3000 	C:\WINDOWS\SYSTEM32\SGFu03x64.dll
0x00007ffb04c40000 - 0x00007ffb04d2c000 	C:\WINDOWS\System32\COMDLG32.dll
0x00007ffb05910000 - 0x00007ffb059e6000 	C:\WINDOWS\System32\OLEAUT32.dll
0x00007ffae4800000 - 0x00007ffae489b000 	C:\WINDOWS\SYSTEM32\WINSPOOL.DRV
0x000000001eda0000 - 0x000000001edd3000 	C:\WINDOWS\SYSTEM32\sgfpaMX.dll
0x00007ffabb650000 - 0x00007ffabb7e9000 	C:\Program Files\OpenJDK\openjdk-8u282-b08\jre\bin\awt.dll
0x00007ffb000e0000 - 0x00007ffb00171000 	C:\WINDOWS\SYSTEM32\apphelp.dll
0x00007ffaef380000 - 0x00007ffaef387000 	C:\Windows\System32\jnisgnfiqlib.dll
0x00007ffaed5d0000 - 0x00007ffaed5eb000 	C:\WINDOWS\SYSTEM32\sgnfiqlib.dll
0x00007ffabba70000 - 0x00007ffabbdbe000 	C:\WINDOWS\SYSTEM32\sgfdu08x64.dll
0x00007ffb03ec0000 - 0x00007ffb0405a000 	C:\WINDOWS\System32\ole32.dll
0x00007ffae6bb0000 - 0x00007ffae6bb7000 	C:\WINDOWS\SYSTEM32\MSIMG32.dll
0x00007ffb006e0000 - 0x00007ffb0078c000 	C:\WINDOWS\SYSTEM32\UxTheme.dll
0x00007ffae4750000 - 0x00007ffae47b9000 	C:\WINDOWS\SYSTEM32\OLEACC.dll
0x00007ffae48a0000 - 0x00007ffae4a53000 	C:\WINDOWS\WinSxS\amd64_microsoft.windows.gdiplus_6595b64144ccf1df_1.1.22000.434_none_ce836c1412fb9b57\gdiplus.dll
0x00007ffae9720000 - 0x00007ffae97ce000 	C:\WINDOWS\SYSTEM32\TextShaping.dll
0x00007ffb054a0000 - 0x00007ffb055be000 	C:\WINDOWS\System32\MSCTF.dll
0x00007ffb010c0000 - 0x00007ffb012e1000 	C:\WINDOWS\SYSTEM32\dbghelp.dll
0x00007ffb02450000 - 0x00007ffb02468000 	C:\WINDOWS\SYSTEM32\kernel.appcore.dll
0x00007ffae8040000 - 0x00007ffae816d000 	C:\WINDOWS\SYSTEM32\textinputframework.dll

VM Arguments:
jvm_args: -Xverify:none -XX:TieredStopAtLevel=1 
java_command: com.example.rest.service.RestServiceApplication
java_class_path (initial): C:\Users\achar\Downloads\rest_service\rest-service\target\classes;C:\Users\achar\.m2\repository\org\springframework\boot\spring-boot\2.6.4\spring-boot-2.6.4.jar;C:\Users\achar\.m2\repository\org\springframework\boot\spring-boot-autoconfigure\2.6.4\spring-boot-autoconfigure-2.6.4.jar;C:\Users\achar\.m2\repository\ch\qos\logback\logback-classic\1.2.10\logback-classic-1.2.10.jar;C:\Users\achar\.m2\repository\ch\qos\logback\logback-core\1.2.10\logback-core-1.2.10.jar;C:\Users\achar\.m2\repository\org\apache\logging\log4j\log4j-to-slf4j\2.17.1\log4j-to-slf4j-2.17.1.jar;C:\Users\achar\.m2\repository\org\apache\logging\log4j\log4j-api\2.17.1\log4j-api-2.17.1.jar;C:\Users\achar\.m2\repository\org\slf4j\jul-to-slf4j\1.7.36\jul-to-slf4j-1.7.36.jar;C:\Users\achar\.m2\repository\jakarta\annotation\jakarta.annotation-api\1.3.5\jakarta.annotation-api-1.3.5.jar;C:\Users\achar\.m2\repository\org\yaml\snakeyaml\1.29\snakeyaml-1.29.jar;C:\Users\achar\.m2\repository\com\fasterxml\jackson\core\jackson-databind\2.13.1\jackson-databind-2.13.1.jar;C:\Users\achar\.m2\repository\com\fasterxml\jackson\core\jackson-annotations\2.13.1\jackson-annotations-2.13.1.jar;C:\Users\achar\.m2\repository\com\fasterxml\jackson\core\jackson-core\2.13.1\jackson-core-2.13.1.jar;C:\Users\achar\.m2\repository\com\fasterxml\jackson\datatype\jackson-datatype-jdk8\2.13.1\jackson-datatype-jdk8-2.13.1.jar;C:\Users\achar\.m2\repository\com\fasterxml\jackson\datatype\jackson-datatype-jsr310\2.13.1\jackson-datatype-jsr310-2.13.1.jar;C:\Users\achar\.m2\repository\com\fasterxml\jackson\module\jackson-module-parameter-names\2.13.1\jackson-module-parameter-names-2.13.1.jar;C:\Users\achar\.m2\repository\org\apache\tomcat\embed\tomcat-embed-core\9.0.58\tomcat-embed-core-9.0.58.jar;C:\Users\achar\.m2\repository\org\apache\tomcat\embed\tomcat-embed-el\9.0.58\tomcat-embed-el-9.0.58.jar;C:\Users\achar\.m2\repository\org\apache\tomcat\embed\tomcat-embed-websocket\9.0.58\tomcat-embed-websocket-9.0.58
Launcher Type: SUN_STANDARD

Environment Variables:
JAVA_HOME=C:\Program Files\OpenJDK\openjdk-8u282-b08
PATH=C:\Program Files\Common Files\Oracle\Java\javapath;C:\Python39\Scripts\;C:\Python39\;C:\WINDOWS\system32;C:\WINDOWS;C:\WINDOWS\System32\Wbem;C:\WINDOWS\System32\WindowsPowerShell\v1.0\;C:\WINDOWS\System32\OpenSSH\;C:\Program Files\nodejs\;C:\ProgramData\chocolatey\bin;C:\Program Files\Git\cmd;C:\Program Files\OpenJDK\openjdk-8u282-b08\bin;C:\xampp\php;C:\ProgramData\ComposerSetup\bin;C:\Program Files\apache-maven-3.8.4\bin;C:\Users\achar\AppData\Local\Microsoft\WindowsApps;C:\Users\achar\AppData\Roaming\npm;C:\Users\achar\AppData\Local\Programs\Microsoft VS Code\bin;C:\Users\achar\AppData\Local\Android\Sdk;C:\Users\achar\AppData\Local\Android\Sdk\platform-tools;C:\Users\achar\AppData\Roaming\Composer\vendor\bin;
USERNAME=achar
OS=Windows_NT
PROCESSOR_IDENTIFIER=Intel64 Family 6 Model 158 Stepping 10, GenuineIntel



---------------  S Y S T E M  ---------------

OS: Windows 10.0 , 64 bit Build 22000 (10.0.22000.434)

CPU:total 8 (initial active 8) (4 cores per cpu, 2 threads per core) family 6 model 158 stepping 10, cmov, cx8, fxsr, mmx, sse, sse2, sse3, ssse3, sse4.1, sse4.2, popcnt, avx, avx2, aes, clmul, erms, 3dnowpref, lzcnt, ht, tsc, tscinvbit, bmi1, bmi2, adx

Memory: 4k page, physical 8275188k(1049012k free), swap 16663796k(4859064k free)

vm_info: OpenJDK 64-Bit Server VM (25.282-b08) for windows-amd64 JRE (1.8.0_282-b08), built on Jan 11 2021 12:17:07 by "build" with MS VC++ 10.0 (VS2010)

time: Fri Mar 25 15:06:08 2022
timezone: Nepal Standard Time
elapsed time: 475.140995 seconds (0d 0h 7m 55s)

