#
# A fatal error has been detected by the Java Runtime Environment:
#
#  EXCEPTION_ACCESS_VIOLATION (0xc0000005) at pc=0x000000000252c58e, pid=9708, tid=0x0000000000001934
#
# JRE version: OpenJDK Runtime Environment (8.0_282-b08) (build 1.8.0_282-b08)
# Java VM: OpenJDK 64-Bit Server VM (25.282-b08 mixed mode windows-amd64 compressed oops)
# Problematic frame:
# C  [sgfpaMX.dll+0xc58e]
#
# Failed to write core dump. Minidumps are not enabled by default on client versions of Windows
#
# If you would like to submit a bug report, please visit:
#   http://bugreport.java.com/bugreport/crash.jsp
# The crash happened outside the Java Virtual Machine in native code.
# See problematic frame for where to report the bug.
#

---------------  T H R E A D  ---------------

Current thread (0x000000001bee2000):  JavaThread "http-nio-8080-exec-3" daemon [_thread_in_native, id=6452, stack(0x000000001d540000,0x000000001d640000)]

siginfo: ExceptionCode=0xc0000005, reading address 0x0000000000000008

Registers:
RAX=0x000000001f0363f0, RBX=0x0000000000000000, RCX=0x000000007ffe0380, RDX=0x00000000000c0011
RSP=0x000000001d63cac0, RBP=0x0000000000000000, RSI=0x000000001fdc8fa0, RDI=0x000000001fdc8fa0
R8 =0x000000000000000c, R9 =0x0000000000000013, R10=0x0000000000000000, R11=0xfff000000000007b
R12=0x0000000000000000, R13=0x0000000000000100, R14=0x000000001f037df0, R15=0x000000001bee2000
RIP=0x000000000252c58e, EFLAGS=0x0000000000010206

Top of Stack: (sp=0x000000001d63cac0)
0x000000001d63cac0:   0000000000000100 0000000000000000
0x000000001d63cad0:   000000001fdc8fa0 000000001fdc8fa0
0x000000001d63cae0:   000000001bee2000 000000001fd40080
0x000000001d63caf0:   0000000000000100 0000000000000000
0x000000001d63cb00:   0000000000661d80 000000001bee2000
0x000000001d63cb10:   0000000000000000 0000000000000100
0x000000001d63cb20:   0000000000000000 000000001fdc8fa0
0x000000001d63cb30:   000000001f037df0 0000000000000000
0x000000001d63cb40:   0000000000000100 000000000252d0f1
0x000000001d63cb50:   00000000000003e8 0000000000000100
0x000000001d63cb60:   000000001f037df0 0000000000000000
0x000000001d63cb70:   00000000000000a8 00007ffaef3a0000
0x000000001d63cb80:   000000001d63cc60 000000000252b7d6
0x000000001d63cb90:   0000000000000100 000000001f037c80
0x000000001d63cba0:   000000001f037df0 0000000000661d80
0x000000001d63cbb0:   000000001d63d030 000000001e088620 

Instructions: (pc=0x000000000252c58e)
0x000000000252c56e:   c0 48 8b 41 18 4c 8b f1 b9 28 00 00 00 41 8b d9
0x000000000252c57e:   48 89 44 24 28 49 8b e8 48 8b f2 e8 52 4a 00 00
0x000000000252c58e:   66 83 7d 08 00 4c 8b e8 48 89 44 24 30 0f 84 b9
0x000000000252c59e:   03 00 00 48 8b 45 00 48 83 c5 1a 49 89 45 00 48 


Register to memory mapping:

RAX=0x000000001f0363f0 is an unknown value
RBX=0x0000000000000000 is an unknown value
RCX=0x000000007ffe0380 is an unknown value
RDX=0x00000000000c0011 is an unknown value
RSP=0x000000001d63cac0 is pointing into the stack for thread: 0x000000001bee2000
RBP=0x0000000000000000 is an unknown value
RSI=0x000000001fdc8fa0 is an unknown value
RDI=0x000000001fdc8fa0 is an unknown value
R8 =0x000000000000000c is an unknown value
R9 =0x0000000000000013 is an unknown value
R10=0x0000000000000000 is an unknown value
R11=0xfff000000000007b is an unknown value
R12=0x0000000000000000 is an unknown value
R13=0x0000000000000100 is an unknown value
R14=0x000000001f037df0 is an unknown value
R15=0x000000001bee2000 is a thread


Stack: [0x000000001d540000,0x000000001d640000],  sp=0x000000001d63cac0,  free space=1010k
Native frames: (J=compiled Java code, j=interpreted, Vv=VM code, C=native code)

Java frames: (J=compiled Java code, j=interpreted, Vv=VM code)
j  SecuGen.FDxSDKPro.jni.JSGFPLib.MatchTemplate([B[BJ[Z)J+0
j  com.example.rest.service.VerifyFingerprintController.verifyprint()Lcom/example/rest/service/VerifyFinger;+1501
v  ~StubRoutines::call_stub
J 1663  sun.reflect.NativeMethodAccessorImpl.invoke0(Ljava/lang/reflect/Method;Ljava/lang/Object;[Ljava/lang/Object;)Ljava/lang/Object; (0 bytes) @ 0x0000000002b0e37f [0x0000000002b0e300+0x7f]
J 1662 C1 sun.reflect.NativeMethodAccessorImpl.invoke(Ljava/lang/Object;[Ljava/lang/Object;)Ljava/lang/Object; (104 bytes) @ 0x0000000002b1089c [0x0000000002b10520+0x37c]
J 1588 C1 sun.reflect.DelegatingMethodAccessorImpl.invoke(Ljava/lang/Object;[Ljava/lang/Object;)Ljava/lang/Object; (10 bytes) @ 0x0000000002af0364 [0x0000000002af0320+0x44]
J 1587 C1 java.lang.reflect.Method.invoke(Ljava/lang/Object;[Ljava/lang/Object;)Ljava/lang/Object; (62 bytes) @ 0x0000000002aeff94 [0x0000000002aefea0+0xf4]
j  org.springframework.web.method.support.InvocableHandlerMethod.doInvoke([Ljava/lang/Object;)Ljava/lang/Object;+28
j  org.springframework.web.method.support.InvocableHandlerMethod.invokeForRequest(Lorg/springframework/web/context/request/NativeWebRequest;Lorg/springframework/web/method/support/ModelAndViewContainer;[Ljava/lang/Object;)Ljava/lang/Object;+54
j  org.springframework.web.servlet.mvc.method.annotation.ServletInvocableHandlerMethod.invokeAndHandle(Lorg/springframework/web/context/request/ServletWebRequest;Lorg/springframework/web/method/support/ModelAndViewContainer;[Ljava/lang/Object;)V+4
j  org.springframework.web.servlet.mvc.method.annotation.RequestMappingHandlerAdapter.invokeHandlerMethod(Ljavax/servlet/http/HttpServletRequest;Ljavax/servlet/http/HttpServletResponse;Lorg/springframework/web/method/HandlerMethod;)Lorg/springframework/web/servlet/ModelAndView;+244
j  org.springframework.web.servlet.mvc.method.annotation.RequestMappingHandlerAdapter.handleInternal(Ljavax/servlet/http/HttpServletRequest;Ljavax/servlet/http/HttpServletResponse;Lorg/springframework/web/method/HandlerMethod;)Lorg/springframework/web/servlet/ModelAndView;+81
j  org.springframework.web.servlet.mvc.method.AbstractHandlerMethodAdapter.handle(Ljavax/servlet/http/HttpServletRequest;Ljavax/servlet/http/HttpServletResponse;Ljava/lang/Object;)Lorg/springframework/web/servlet/ModelAndView;+7
j  org.springframework.web.servlet.DispatcherServlet.doDispatch(Ljavax/servlet/http/HttpServletRequest;Ljavax/servlet/http/HttpServletResponse;)V+259
j  org.springframework.web.servlet.DispatcherServlet.doService(Ljavax/servlet/http/HttpServletRequest;Ljavax/servlet/http/HttpServletResponse;)V+241
j  org.springframework.web.servlet.FrameworkServlet.processRequest(Ljavax/servlet/http/HttpServletRequest;Ljavax/servlet/http/HttpServletResponse;)V+71
j  org.springframework.web.servlet.FrameworkServlet.doGet(Ljavax/servlet/http/HttpServletRequest;Ljavax/servlet/http/HttpServletResponse;)V+3
j  javax.servlet.http.HttpServlet.service(Ljavax/servlet/http/HttpServletRequest;Ljavax/servlet/http/HttpServletResponse;)V+35
j  org.springframework.web.servlet.FrameworkServlet.service(Ljavax/servlet/http/HttpServletRequest;Ljavax/servlet/http/HttpServletResponse;)V+33
j  javax.servlet.http.HttpServlet.service(Ljavax/servlet/ServletRequest;Ljavax/servlet/ServletResponse;)V+36
j  org.apache.catalina.core.ApplicationFilterChain.internalDoFilter(Ljavax/servlet/ServletRequest;Ljavax/servlet/ServletResponse;)V+304
j  org.apache.catalina.core.ApplicationFilterChain.doFilter(Ljavax/servlet/ServletRequest;Ljavax/servlet/ServletResponse;)V+99
j  org.apache.tomcat.websocket.server.WsFilter.doFilter(Ljavax/servlet/ServletRequest;Ljavax/servlet/ServletResponse;Ljavax/servlet/FilterChain;)V+21
j  org.apache.catalina.core.ApplicationFilterChain.internalDoFilter(Ljavax/servlet/ServletRequest;Ljavax/servlet/ServletResponse;)V+135
j  org.apache.catalina.core.ApplicationFilterChain.doFilter(Ljavax/servlet/ServletRequest;Ljavax/servlet/ServletResponse;)V+99
j  org.springframework.web.filter.RequestContextFilter.doFilterInternal(Ljavax/servlet/http/HttpServletRequest;Ljavax/servlet/http/HttpServletResponse;Ljavax/servlet/FilterChain;)V+21
j  org.springframework.web.filter.OncePerRequestFilter.doFilter(Ljavax/servlet/ServletRequest;Ljavax/servlet/ServletResponse;Ljavax/servlet/FilterChain;)V+147
j  org.apache.catalina.core.ApplicationFilterChain.internalDoFilter(Ljavax/servlet/ServletRequest;Ljavax/servlet/ServletResponse;)V+135
j  org.apache.catalina.core.ApplicationFilterChain.doFilter(Ljavax/servlet/ServletRequest;Ljavax/servlet/ServletResponse;)V+99
j  org.springframework.web.filter.FormContentFilter.doFilterInternal(Ljavax/servlet/http/HttpServletRequest;Ljavax/servlet/http/HttpServletResponse;Ljavax/servlet/FilterChain;)V+38
j  org.springframework.web.filter.OncePerRequestFilter.doFilter(Ljavax/servlet/ServletRequest;Ljavax/servlet/ServletResponse;Ljavax/servlet/FilterChain;)V+147
j  org.apache.catalina.core.ApplicationFilterChain.internalDoFilter(Ljavax/servlet/ServletRequest;Ljavax/servlet/ServletResponse;)V+135
j  org.apache.catalina.core.ApplicationFilterChain.doFilter(Ljavax/servlet/ServletRequest;Ljavax/servlet/ServletResponse;)V+99
j  org.springframework.web.filter.CharacterEncodingFilter.doFilterInternal(Ljavax/servlet/http/HttpServletRequest;Ljavax/servlet/http/HttpServletResponse;Ljavax/servlet/FilterChain;)V+53
j  org.springframework.web.filter.OncePerRequestFilter.doFilter(Ljavax/servlet/ServletRequest;Ljavax/servlet/ServletResponse;Ljavax/servlet/FilterChain;)V+147
j  org.apache.catalina.core.ApplicationFilterChain.internalDoFilter(Ljavax/servlet/ServletRequest;Ljavax/servlet/ServletResponse;)V+135
j  org.apache.catalina.core.ApplicationFilterChain.doFilter(Ljavax/servlet/ServletRequest;Ljavax/servlet/ServletResponse;)V+99
j  org.apache.catalina.core.StandardWrapperValve.invoke(Lorg/apache/catalina/connector/Request;Lorg/apache/catalina/connector/Response;)V+694
j  org.apache.catalina.core.StandardContextValve.invoke(Lorg/apache/catalina/connector/Request;Lorg/apache/catalina/connector/Response;)V+169
j  org.apache.catalina.authenticator.AuthenticatorBase.invoke(Lorg/apache/catalina/connector/Request;Lorg/apache/catalina/connector/Response;)V+260
j  org.apache.catalina.core.StandardHostValve.invoke(Lorg/apache/catalina/connector/Request;Lorg/apache/catalina/connector/Response;)V+128
j  org.apache.catalina.valves.ErrorReportValve.invoke(Lorg/apache/catalina/connector/Request;Lorg/apache/catalina/connector/Response;)V+6
j  org.apache.catalina.core.StandardEngineValve.invoke(Lorg/apache/catalina/connector/Request;Lorg/apache/catalina/connector/Response;)V+59
j  org.apache.catalina.connector.CoyoteAdapter.service(Lorg/apache/coyote/Request;Lorg/apache/coyote/Response;)V+203
j  org.apache.coyote.http11.Http11Processor.service(Lorg/apache/tomcat/util/net/SocketWrapperBase;)Lorg/apache/tomcat/util/net/AbstractEndpoint$Handler$SocketState;+796
j  org.apache.coyote.AbstractProcessorLight.process(Lorg/apache/tomcat/util/net/SocketWrapperBase;Lorg/apache/tomcat/util/net/SocketEvent;)Lorg/apache/tomcat/util/net/AbstractEndpoint$Handler$SocketState;+170
j  org.apache.coyote.AbstractProtocol$ConnectionHandler.process(Lorg/apache/tomcat/util/net/SocketWrapperBase;Lorg/apache/tomcat/util/net/SocketEvent;)Lorg/apache/tomcat/util/net/AbstractEndpoint$Handler$SocketState;+495
j  org.apache.tomcat.util.net.NioEndpoint$SocketProcessor.doRun()V+216
j  org.apache.tomcat.util.net.SocketProcessorBase.run()V+21
j  org.apache.tomcat.util.threads.ThreadPoolExecutor.runWorker(Lorg/apache/tomcat/util/threads/ThreadPoolExecutor$Worker;)V+92
j  org.apache.tomcat.util.threads.ThreadPoolExecutor$Worker.run()V+5
j  org.apache.tomcat.util.threads.TaskThread$WrappingRunnable.run()V+4
j  java.lang.Thread.run()V+11
v  ~StubRoutines::call_stub

---------------  P R O C E S S  ---------------

Java Threads: ( => current thread )
  0x000000001bef1000 JavaThread "Java2D Disposer" daemon [_thread_blocked, id=10652, stack(0x000000001fc40000,0x000000001fd40000)]
  0x000000001bef0800 JavaThread "DestroyJavaVM" [_thread_blocked, id=4296, stack(0x0000000002580000,0x0000000002680000)]
  0x000000001beef800 JavaThread "http-nio-8080-Acceptor" daemon [_thread_in_native, id=11128, stack(0x000000001df40000,0x000000001e040000)]
  0x000000001beee800 JavaThread "http-nio-8080-Poller" daemon [_thread_in_native, id=4064, stack(0x000000001de40000,0x000000001df40000)]
  0x000000001beeb800 JavaThread "http-nio-8080-exec-10" daemon [_thread_blocked, id=7548, stack(0x000000001dd40000,0x000000001de40000)]
  0x000000001beed000 JavaThread "http-nio-8080-exec-9" daemon [_thread_blocked, id=1052, stack(0x000000001db40000,0x000000001dc40000)]
  0x000000001beea000 JavaThread "http-nio-8080-exec-8" daemon [_thread_blocked, id=12932, stack(0x000000001da40000,0x000000001db40000)]
  0x000000001bee7800 JavaThread "http-nio-8080-exec-7" daemon [_thread_blocked, id=14536, stack(0x000000001d940000,0x000000001da40000)]
  0x000000001bee6800 JavaThread "http-nio-8080-exec-6" daemon [_thread_blocked, id=11632, stack(0x000000001d840000,0x000000001d940000)]
  0x000000001bee5800 JavaThread "http-nio-8080-exec-5" daemon [_thread_blocked, id=10416, stack(0x000000001d740000,0x000000001d840000)]
  0x000000001bee3000 JavaThread "http-nio-8080-exec-4" daemon [_thread_blocked, id=14960, stack(0x000000001d640000,0x000000001d740000)]
=>0x000000001bee2000 JavaThread "http-nio-8080-exec-3" daemon [_thread_in_native, id=6452, stack(0x000000001d540000,0x000000001d640000)]
  0x000000001bedf800 JavaThread "http-nio-8080-exec-2" daemon [_thread_blocked, id=15204, stack(0x000000001d440000,0x000000001d540000)]
  0x000000001be66000 JavaThread "http-nio-8080-exec-1" daemon [_thread_blocked, id=4768, stack(0x000000001d340000,0x000000001d440000)]
  0x000000001bc86800 JavaThread "container-0" [_thread_blocked, id=11784, stack(0x000000001d040000,0x000000001d140000)]
  0x000000001bc85000 JavaThread "Catalina-utility-2" [_thread_blocked, id=14920, stack(0x000000001cf40000,0x000000001d040000)]
  0x000000001bc84800 JavaThread "Catalina-utility-1" [_thread_blocked, id=5968, stack(0x000000001b270000,0x000000001b370000)]
  0x00000000195b0000 JavaThread "Service Thread" daemon [_thread_blocked, id=12904, stack(0x000000001a1e0000,0x000000001a2e0000)]
  0x0000000019548000 JavaThread "C1 CompilerThread3" daemon [_thread_blocked, id=13092, stack(0x000000001a0e0000,0x000000001a1e0000)]
  0x0000000019526000 JavaThread "C2 CompilerThread2" daemon [_thread_blocked, id=12320, stack(0x0000000019fe0000,0x000000001a0e0000)]
  0x0000000019522000 JavaThread "C2 CompilerThread1" daemon [_thread_blocked, id=9180, stack(0x0000000019ee0000,0x0000000019fe0000)]
  0x000000001951c800 JavaThread "C2 CompilerThread0" daemon [_thread_blocked, id=14952, stack(0x0000000019de0000,0x0000000019ee0000)]
  0x0000000019513000 JavaThread "Attach Listener" daemon [_thread_blocked, id=10348, stack(0x0000000019ce0000,0x0000000019de0000)]
  0x0000000019512800 JavaThread "Signal Dispatcher" daemon [_thread_blocked, id=8528, stack(0x0000000019be0000,0x0000000019ce0000)]
  0x0000000019501000 JavaThread "Finalizer" daemon [_thread_blocked, id=2460, stack(0x00000000199e0000,0x0000000019ae0000)]
  0x0000000019500800 JavaThread "Reference Handler" daemon [_thread_blocked, id=7064, stack(0x00000000198e0000,0x00000000199e0000)]

Other Threads:
  0x0000000017706000 VMThread [stack: 0x00000000193e0000,0x00000000194e0000] [id=10776]
  0x00000000195ba000 WatcherThread [stack: 0x000000001a2e0000,0x000000001a3e0000] [id=2896]

VM state:not at safepoint (normal execution)

VM Mutex/Monitor currently owned by a thread: None

heap address: 0x0000000081a00000, size: 2022 MB, Compressed Oops mode: 32-bit
Narrow klass base: 0x0000000000000000, Narrow klass shift: 3
Compressed class space size: 1073741824 Address: 0x0000000100000000

Heap:
 PSYoungGen      total 71680K, used 16108K [0x00000000d5e00000, 0x00000000ddb00000, 0x0000000100000000)
  eden space 66560K, 16% used [0x00000000d5e00000,0x00000000d68bed68,0x00000000d9f00000)
  from space 5120K, 99% used [0x00000000d9f00000,0x00000000da3fc410,0x00000000da400000)
  to   space 11776K, 0% used [0x00000000dcf80000,0x00000000dcf80000,0x00000000ddb00000)
 ParOldGen       total 56832K, used 11796K [0x0000000081a00000, 0x0000000085180000, 0x00000000d5e00000)
  object space 56832K, 20% used [0x0000000081a00000,0x0000000082585198,0x0000000085180000)
 Metaspace       used 29046K, capacity 31175K, committed 31488K, reserved 1077248K
  class space    used 3838K, capacity 4226K, committed 4352K, reserved 1048576K

Card table byte_map: [0x0000000011b40000,0x0000000011f40000] byte_map_base: 0x0000000011733000

Marking Bits: (ParMarkBitMap*) 0x0000000056193420
 Begin Bits: [0x00000000129f0000, 0x0000000014988000)
 End Bits:   [0x0000000014988000, 0x0000000016920000)

Polling page: 0x0000000000c20000

CodeCache: size=245760Kb used=6136Kb max_used=6208Kb free=239623Kb
 bounds [0x0000000002780000, 0x0000000002da0000, 0x0000000011780000]
 total_blobs=3419 nmethods=2969 adapters=362
 compilation: enabled

Compilation events (10 events):
Event: 243.653 Thread 0x0000000019548000 3009  s    1       java.io.BufferedOutputStream::write (67 bytes)
Event: 243.653 Thread 0x0000000019548000 nmethod 3009 0x0000000002965ad0 code [0x0000000002965c60, 0x0000000002966118]
Event: 243.653 Thread 0x0000000019548000 3007   !   1       java.io.PrintStream::newLine (73 bytes)
Event: 243.653 Thread 0x0000000019548000 nmethod 3007 0x0000000002964e90 code [0x0000000002965060, 0x0000000002965538]
Event: 243.653 Thread 0x0000000019548000 3008       1       java.io.BufferedWriter::newLine (9 bytes)
Event: 243.653 Thread 0x0000000019548000 nmethod 3008 0x0000000002964a90 code [0x0000000002964c00, 0x0000000002964d48]
Event: 243.653 Thread 0x0000000019548000 3010       1       java.io.PrintStream::print (13 bytes)
Event: 243.653 Thread 0x0000000019548000 nmethod 3010 0x00000000028d73d0 code [0x00000000028d7520, 0x00000000028d7668]
Event: 243.988 Thread 0x0000000019548000 3011   !   1       java.io.PrintStream::println (24 bytes)
Event: 243.989 Thread 0x0000000019548000 nmethod 3011 0x00000000028d6e50 code [0x00000000028d6fc0, 0x00000000028d72b8]

GC Heap History (10 events):
Event: 0.802 GC heap before
{Heap before GC invocations=2 (full 0):
 PSYoungGen      total 38400K, used 38391K [0x00000000d5e00000, 0x00000000d8880000, 0x0000000100000000)
  eden space 33280K, 100% used [0x00000000d5e00000,0x00000000d7e80000,0x00000000d7e80000)
  from space 5120K, 99% used [0x00000000d7e80000,0x00000000d837dfc8,0x00000000d8380000)
  to   space 5120K, 0% used [0x00000000d8380000,0x00000000d8380000,0x00000000d8880000)
 ParOldGen       total 87552K, used 1184K [0x0000000081a00000, 0x0000000086f80000, 0x00000000d5e00000)
  object space 87552K, 1% used [0x0000000081a00000,0x0000000081b28070,0x0000000086f80000)
 Metaspace       used 16207K, capacity 16948K, committed 17152K, reserved 1064960K
  class space    used 2099K, capacity 2274K, committed 2304K, reserved 1048576K
Event: 0.807 GC heap after
Heap after GC invocations=2 (full 0):
 PSYoungGen      total 38400K, used 5119K [0x00000000d5e00000, 0x00000000da900000, 0x0000000100000000)
  eden space 33280K, 0% used [0x00000000d5e00000,0x00000000d5e00000,0x00000000d7e80000)
  from space 5120K, 99% used [0x00000000d8380000,0x00000000d887fda8,0x00000000d8880000)
  to   space 5120K, 0% used [0x00000000d7e80000,0x00000000d7e80000,0x00000000d8380000)
 ParOldGen       total 87552K, used 4632K [0x0000000081a00000, 0x0000000086f80000, 0x00000000d5e00000)
  object space 87552K, 5% used [0x0000000081a00000,0x0000000081e861a8,0x0000000086f80000)
 Metaspace       used 16207K, capacity 16948K, committed 17152K, reserved 1064960K
  class space    used 2099K, capacity 2274K, committed 2304K, reserved 1048576K
}
Event: 1.071 GC heap before
{Heap before GC invocations=3 (full 0):
 PSYoungGen      total 38400K, used 38399K [0x00000000d5e00000, 0x00000000da900000, 0x0000000100000000)
  eden space 33280K, 100% used [0x00000000d5e00000,0x00000000d7e80000,0x00000000d7e80000)
  from space 5120K, 99% used [0x00000000d8380000,0x00000000d887fda8,0x00000000d8880000)
  to   space 5120K, 0% used [0x00000000d7e80000,0x00000000d7e80000,0x00000000d8380000)
 ParOldGen       total 87552K, used 4632K [0x0000000081a00000, 0x0000000086f80000, 0x00000000d5e00000)
  object space 87552K, 5% used [0x0000000081a00000,0x0000000081e861a8,0x0000000086f80000)
 Metaspace       used 19089K, capacity 20116K, committed 20224K, reserved 1067008K
  class space    used 2531K, capacity 2744K, committed 2816K, reserved 1048576K
Event: 1.077 GC heap after
Heap after GC invocations=3 (full 0):
 PSYoungGen      total 38400K, used 5109K [0x00000000d5e00000, 0x00000000da900000, 0x0000000100000000)
  eden space 33280K, 0% used [0x00000000d5e00000,0x00000000d5e00000,0x00000000d7e80000)
  from space 5120K, 99% used [0x00000000d7e80000,0x00000000d837d7c8,0x00000000d8380000)
  to   space 5120K, 0% used [0x00000000da400000,0x00000000da400000,0x00000000da900000)
 ParOldGen       total 87552K, used 8091K [0x0000000081a00000, 0x0000000086f80000, 0x00000000d5e00000)
  object space 87552K, 9% used [0x0000000081a00000,0x00000000821e6d78,0x0000000086f80000)
 Metaspace       used 19089K, capacity 20116K, committed 20224K, reserved 1067008K
  class space    used 2531K, capacity 2744K, committed 2816K, reserved 1048576K
}
Event: 1.125 GC heap before
{Heap before GC invocations=4 (full 0):
 PSYoungGen      total 38400K, used 10726K [0x00000000d5e00000, 0x00000000da900000, 0x0000000100000000)
  eden space 33280K, 16% used [0x00000000d5e00000,0x00000000d637c308,0x00000000d7e80000)
  from space 5120K, 99% used [0x00000000d7e80000,0x00000000d837d7c8,0x00000000d8380000)
  to   space 5120K, 0% used [0x00000000da400000,0x00000000da400000,0x00000000da900000)
 ParOldGen       total 87552K, used 8091K [0x0000000081a00000, 0x0000000086f80000, 0x00000000d5e00000)
  object space 87552K, 9% used [0x0000000081a00000,0x00000000821e6d78,0x0000000086f80000)
 Metaspace       used 19952K, capacity 21189K, committed 21296K, reserved 1067008K
  class space    used 2667K, capacity 2944K, committed 2944K, reserved 1048576K
Event: 1.129 GC heap after
Heap after GC invocations=4 (full 0):
 PSYoungGen      total 71680K, used 5104K [0x00000000d5e00000, 0x00000000da900000, 0x0000000100000000)
  eden space 66560K, 0% used [0x00000000d5e00000,0x00000000d5e00000,0x00000000d9f00000)
  from space 5120K, 99% used [0x00000000da400000,0x00000000da8fc190,0x00000000da900000)
  to   space 5120K, 0% used [0x00000000d9f00000,0x00000000d9f00000,0x00000000da400000)
 ParOldGen       total 87552K, used 9156K [0x0000000081a00000, 0x0000000086f80000, 0x00000000d5e00000)
  object space 87552K, 10% used [0x0000000081a00000,0x00000000822f13b8,0x0000000086f80000)
 Metaspace       used 19952K, capacity 21189K, committed 21296K, reserved 1067008K
  class space    used 2667K, capacity 2944K, committed 2944K, reserved 1048576K
}
Event: 1.129 GC heap before
{Heap before GC invocations=5 (full 1):
 PSYoungGen      total 71680K, used 5104K [0x00000000d5e00000, 0x00000000da900000, 0x0000000100000000)
  eden space 66560K, 0% used [0x00000000d5e00000,0x00000000d5e00000,0x00000000d9f00000)
  from space 5120K, 99% used [0x00000000da400000,0x00000000da8fc190,0x00000000da900000)
  to   space 5120K, 0% used [0x00000000d9f00000,0x00000000d9f00000,0x00000000da400000)
 ParOldGen       total 87552K, used 9156K [0x0000000081a00000, 0x0000000086f80000, 0x00000000d5e00000)
  object space 87552K, 10% used [0x0000000081a00000,0x00000000822f13b8,0x0000000086f80000)
 Metaspace       used 19952K, capacity 21189K, committed 21296K, reserved 1067008K
  class space    used 2667K, capacity 2944K, committed 2944K, reserved 1048576K
Event: 1.151 GC heap after
Heap after GC invocations=5 (full 1):
 PSYoungGen      total 71680K, used 0K [0x00000000d5e00000, 0x00000000da900000, 0x0000000100000000)
  eden space 66560K, 0% used [0x00000000d5e00000,0x00000000d5e00000,0x00000000d9f00000)
  from space 5120K, 0% used [0x00000000da400000,0x00000000da400000,0x00000000da900000)
  to   space 5120K, 0% used [0x00000000d9f00000,0x00000000d9f00000,0x00000000da400000)
 ParOldGen       total 56832K, used 6358K [0x0000000081a00000, 0x0000000085180000, 0x00000000d5e00000)
  object space 56832K, 11% used [0x0000000081a00000,0x00000000820358b8,0x0000000085180000)
 Metaspace       used 19952K, capacity 21189K, committed 21296K, reserved 1067008K
  class space    used 2667K, capacity 2944K, committed 2944K, reserved 1048576K
}
Event: 50.268 GC heap before
{Heap before GC invocations=6 (full 1):
 PSYoungGen      total 71680K, used 66560K [0x00000000d5e00000, 0x00000000da900000, 0x0000000100000000)
  eden space 66560K, 100% used [0x00000000d5e00000,0x00000000d9f00000,0x00000000d9f00000)
  from space 5120K, 0% used [0x00000000da400000,0x00000000da400000,0x00000000da900000)
  to   space 5120K, 0% used [0x00000000d9f00000,0x00000000d9f00000,0x00000000da400000)
 ParOldGen       total 56832K, used 6358K [0x0000000081a00000, 0x0000000085180000, 0x00000000d5e00000)
  object space 56832K, 11% used [0x0000000081a00000,0x00000000820358b8,0x0000000085180000)
 Metaspace       used 28458K, capacity 30501K, committed 30848K, reserved 1075200K
  class space    used 3770K, capacity 4129K, committed 4224K, reserved 1048576K
Event: 50.275 GC heap after
Heap after GC invocations=6 (full 1):
 PSYoungGen      total 71680K, used 5105K [0x00000000d5e00000, 0x00000000ddb00000, 0x0000000100000000)
  eden space 66560K, 0% used [0x00000000d5e00000,0x00000000d5e00000,0x00000000d9f00000)
  from space 5120K, 99% used [0x00000000d9f00000,0x00000000da3fc410,0x00000000da400000)
  to   space 11776K, 0% used [0x00000000dcf80000,0x00000000dcf80000,0x00000000ddb00000)
 ParOldGen       total 56832K, used 11796K [0x0000000081a00000, 0x0000000085180000, 0x00000000d5e00000)
  object space 56832K, 20% used [0x0000000081a00000,0x0000000082585198,0x0000000085180000)
 Metaspace       used 28458K, capacity 30501K, committed 30848K, reserved 1075200K
  class space    used 3770K, capacity 4129K, committed 4224K, reserved 1048576K
}

Deoptimization events (0 events):
No events

Classes redefined (0 events):
No events

Internal exceptions (10 events):
Event: 3.175 Thread 0x000000001bee7800 Exception <a 'java/lang/ArrayIndexOutOfBoundsException'> (0x00000000d963bb10) thrown at [C:\cygwin64\tmp\build\source\java-1.8.0-openjdk\tmp\jdk8u\hotspot\src\share\vm\runtime\sharedRuntime.cpp, line 605]
Event: 3.175 Thread 0x000000001bee7800 Exception <a 'java/lang/ArrayIndexOutOfBoundsException'> (0x00000000d964a538) thrown at [C:\cygwin64\tmp\build\source\java-1.8.0-openjdk\tmp\jdk8u\hotspot\src\share\vm\runtime\sharedRuntime.cpp, line 605]
Event: 3.176 Thread 0x000000001bee7800 Exception <a 'java/lang/ArrayIndexOutOfBoundsException'> (0x00000000d9651568) thrown at [C:\cygwin64\tmp\build\source\java-1.8.0-openjdk\tmp\jdk8u\hotspot\src\share\vm\runtime\sharedRuntime.cpp, line 605]
Event: 3.176 Thread 0x000000001bee7800 Exception <a 'java/lang/ArrayIndexOutOfBoundsException'> (0x00000000d96523d0) thrown at [C:\cygwin64\tmp\build\source\java-1.8.0-openjdk\tmp\jdk8u\hotspot\src\share\vm\runtime\sharedRuntime.cpp, line 605]
Event: 3.176 Thread 0x000000001bee7800 Exception <a 'java/lang/ArrayIndexOutOfBoundsException'> (0x00000000d96540e8) thrown at [C:\cygwin64\tmp\build\source\java-1.8.0-openjdk\tmp\jdk8u\hotspot\src\share\vm\runtime\sharedRuntime.cpp, line 605]
Event: 3.176 Thread 0x000000001bee7800 Exception <a 'java/lang/ArrayIndexOutOfBoundsException'> (0x00000000d965ad50) thrown at [C:\cygwin64\tmp\build\source\java-1.8.0-openjdk\tmp\jdk8u\hotspot\src\share\vm\runtime\sharedRuntime.cpp, line 605]
Event: 3.194 Thread 0x000000001bee7800 Exception <a 'java/lang/ArrayIndexOutOfBoundsException'> (0x00000000d97b1a28) thrown at [C:\cygwin64\tmp\build\source\java-1.8.0-openjdk\tmp\jdk8u\hotspot\src\share\vm\runtime\sharedRuntime.cpp, line 605]
Event: 3.197 Thread 0x000000001bee7800 Exception <a 'java/lang/ArrayIndexOutOfBoundsException'> (0x00000000d97e1208) thrown at [C:\cygwin64\tmp\build\source\java-1.8.0-openjdk\tmp\jdk8u\hotspot\src\share\vm\runtime\sharedRuntime.cpp, line 605]
Event: 3.199 Thread 0x000000001bee7800 Exception <a 'java/lang/ArrayIndexOutOfBoundsException'> (0x00000000d97f10d0) thrown at [C:\cygwin64\tmp\build\source\java-1.8.0-openjdk\tmp\jdk8u\hotspot\src\share\vm\runtime\sharedRuntime.cpp, line 605]
Event: 50.256 Thread 0x000000001bee3000 Exception <a 'java/io/FileNotFoundException'> (0x00000000d9098ac0) thrown at [C:\cygwin64\tmp\build\source\java-1.8.0-openjdk\tmp\jdk8u\hotspot\src\share\vm\prims\jni.cpp, line 711]

Events (10 events):
Event: 242.569 Executing VM operation: RevokeBias
Event: 242.569 Executing VM operation: RevokeBias done
Event: 242.569 Executing VM operation: RevokeBias
Event: 242.569 Executing VM operation: RevokeBias done
Event: 242.571 Executing VM operation: RevokeBias
Event: 242.571 Executing VM operation: RevokeBias done
Event: 242.891 Executing VM operation: RevokeBias
Event: 242.891 Executing VM operation: RevokeBias done
Event: 242.892 Executing VM operation: RevokeBias
Event: 242.892 Executing VM operation: RevokeBias done


Dynamic libraries:
0x00007ff614870000 - 0x00007ff6148a5000 	C:\Program Files\OpenJDK\openjdk-8u282-b08\jre\bin\java.exe
0x00007ffb05e60000 - 0x00007ffb06069000 	C:\WINDOWS\SYSTEM32\ntdll.dll
0x00007ffb04a60000 - 0x00007ffb04b1d000 	C:\WINDOWS\System32\KERNEL32.DLL
0x00007ffb03830000 - 0x00007ffb03ba4000 	C:\WINDOWS\System32\KERNELBASE.dll
0x00007ffb04ee0000 - 0x00007ffb04f8e000 	C:\WINDOWS\System32\ADVAPI32.dll
0x00007ffb04060000 - 0x00007ffb04103000 	C:\WINDOWS\System32\msvcrt.dll
0x00007ffb05870000 - 0x00007ffb0590e000 	C:\WINDOWS\System32\sechost.dll
0x00007ffb04b20000 - 0x00007ffb04c40000 	C:\WINDOWS\System32\RPCRT4.dll
0x00007ffb056c0000 - 0x00007ffb0586c000 	C:\WINDOWS\System32\USER32.dll
0x00007ffb03bb0000 - 0x00007ffb03bd6000 	C:\WINDOWS\System32\win32u.dll
0x00007ffb04ff0000 - 0x00007ffb05019000 	C:\WINDOWS\System32\GDI32.dll
0x00007ffb03580000 - 0x00007ffb03692000 	C:\WINDOWS\System32\gdi32full.dll
0x00007ffb03720000 - 0x00007ffb037bd000 	C:\WINDOWS\System32\msvcp_win.dll
0x00007ffb03be0000 - 0x00007ffb03cf1000 	C:\WINDOWS\System32\ucrtbase.dll
0x00007ffae97f0000 - 0x00007ffae9a95000 	C:\WINDOWS\WinSxS\amd64_microsoft.windows.common-controls_6595b64144ccf1df_6.0.22000.120_none_9d947278b86cc467\COMCTL32.dll
0x00007ffb05de0000 - 0x00007ffb05e11000 	C:\WINDOWS\System32\IMM32.DLL
0x0000000056550000 - 0x0000000056622000 	C:\Program Files\OpenJDK\openjdk-8u282-b08\jre\bin\msvcr100.dll
0x0000000055980000 - 0x0000000056215000 	C:\Program Files\OpenJDK\openjdk-8u282-b08\jre\bin\server\jvm.dll
0x00007ffb05490000 - 0x00007ffb05498000 	C:\WINDOWS\System32\PSAPI.DLL
0x00007ffaf0260000 - 0x00007ffaf0269000 	C:\WINDOWS\SYSTEM32\WSOCK32.dll
0x00007ffafc300000 - 0x00007ffafc333000 	C:\WINDOWS\SYSTEM32\WINMM.dll
0x00007ffafe0b0000 - 0x00007ffafe0ba000 	C:\WINDOWS\SYSTEM32\VERSION.dll
0x00007ffb05d70000 - 0x00007ffb05ddf000 	C:\WINDOWS\System32\WS2_32.dll
0x00007ffaff820000 - 0x00007ffaff82f000 	C:\Program Files\OpenJDK\openjdk-8u282-b08\jre\bin\verify.dll
0x00007ffaf0bc0000 - 0x00007ffaf0be9000 	C:\Program Files\OpenJDK\openjdk-8u282-b08\jre\bin\java.dll
0x00007ffaf0690000 - 0x00007ffaf06a6000 	C:\Program Files\OpenJDK\openjdk-8u282-b08\jre\bin\zip.dll
0x00007ffb04190000 - 0x00007ffb0493e000 	C:\WINDOWS\System32\SHELL32.dll
0x00007ffb01480000 - 0x00007ffb01ce8000 	C:\WINDOWS\SYSTEM32\windows.storage.dll
0x00007ffb059f0000 - 0x00007ffb05d68000 	C:\WINDOWS\System32\combase.dll
0x00007ffb012f0000 - 0x00007ffb01456000 	C:\WINDOWS\SYSTEM32\wintypes.dll
0x00007ffb04950000 - 0x00007ffb04a3a000 	C:\WINDOWS\System32\SHCORE.dll
0x00007ffb04e80000 - 0x00007ffb04edd000 	C:\WINDOWS\System32\shlwapi.dll
0x00007ffb03280000 - 0x00007ffb032a1000 	C:\WINDOWS\SYSTEM32\profapi.dll
0x00007ffaff810000 - 0x00007ffaff81d000 	C:\Program Files\OpenJDK\openjdk-8u282-b08\jre\bin\management.dll
0x00007ffaf0670000 - 0x00007ffaf068b000 	C:\Program Files\OpenJDK\openjdk-8u282-b08\jre\bin\net.dll
0x00007ffb02920000 - 0x00007ffb02987000 	C:\WINDOWS\system32\mswsock.dll
0x00007ffae1f40000 - 0x00007ffae1f57000 	C:\WINDOWS\system32\napinsp.dll
0x00007ffadcfd0000 - 0x00007ffadcfeb000 	C:\WINDOWS\system32\pnrpnsp.dll
0x00007ffb02040000 - 0x00007ffb02127000 	C:\WINDOWS\SYSTEM32\DNSAPI.dll
0x00007ffb02010000 - 0x00007ffb0203d000 	C:\WINDOWS\SYSTEM32\IPHLPAPI.DLL
0x00007ffb04e40000 - 0x00007ffb04e49000 	C:\WINDOWS\System32\NSI.dll
0x00007ffadbc90000 - 0x00007ffadbca2000 	C:\WINDOWS\System32\winrnr.dll
0x00007ffaf9700000 - 0x00007ffaf9715000 	C:\WINDOWS\system32\wshbth.dll
0x00007ffae3710000 - 0x00007ffae372f000 	C:\WINDOWS\system32\nlansp_c.dll
0x00007ffaf8050000 - 0x00007ffaf805a000 	C:\Windows\System32\rasadhlp.dll
0x00007ffafce40000 - 0x00007ffafcec1000 	C:\WINDOWS\System32\fwpuclnt.dll
0x00007ffaf0330000 - 0x00007ffaf0342000 	C:\Program Files\OpenJDK\openjdk-8u282-b08\jre\bin\nio.dll
0x00007ffb02bb0000 - 0x00007ffb02bc8000 	C:\WINDOWS\SYSTEM32\CRYPTSP.dll
0x00007ffb023b0000 - 0x00007ffb023e5000 	C:\WINDOWS\system32\rsaenh.dll
0x00007ffb02a60000 - 0x00007ffb02a89000 	C:\WINDOWS\SYSTEM32\USERENV.dll
0x00007ffb02d30000 - 0x00007ffb02d57000 	C:\WINDOWS\SYSTEM32\bcrypt.dll
0x00007ffb036a0000 - 0x00007ffb0371f000 	C:\WINDOWS\System32\bcryptprimitives.dll
0x00007ffb02bd0000 - 0x00007ffb02bdc000 	C:\WINDOWS\SYSTEM32\CRYPTBASE.dll
0x00007ffafd4b0000 - 0x00007ffafd4c9000 	C:\WINDOWS\SYSTEM32\dhcpcsvc6.DLL
0x00007ffafd8e0000 - 0x00007ffafd8fe000 	C:\WINDOWS\SYSTEM32\dhcpcsvc.DLL
0x0000000180000000 - 0x000000018000b000 	C:\Windows\System32\jnisgfplib.dll
0x00007ffaef3a0000 - 0x00007ffaef3dc000 	C:\WINDOWS\SYSTEM32\sgfplib.dll
0x0000000057ae0000 - 0x0000000057b83000 	C:\WINDOWS\WinSxS\amd64_microsoft.vc90.crt_1fc8b3b9a1e18e3b_9.0.30729.9635_none_08e2c157a83ed5da\MSVCR90.dll
0x00007ffb05020000 - 0x00007ffb0548c000 	C:\WINDOWS\System32\SETUPAPI.dll
0x00007ffaeff60000 - 0x00007ffaeff78000 	C:\WINDOWS\SYSTEM32\sgwsqlib.dll
0x00007ffb00180000 - 0x00007ffb001ad000 	C:\WINDOWS\SYSTEM32\winbio.dll
0x00007ffaeff40000 - 0x00007ffaeff50000 	C:\WINDOWS\SYSTEM32\winbioext.dll
0x000000001ec20000 - 0x000000001ecd3000 	C:\WINDOWS\SYSTEM32\SGFu03x64.dll
0x00007ffb04c40000 - 0x00007ffb04d2c000 	C:\WINDOWS\System32\COMDLG32.dll
0x00007ffb05910000 - 0x00007ffb059e6000 	C:\WINDOWS\System32\OLEAUT32.dll
0x00007ffae4800000 - 0x00007ffae489b000 	C:\WINDOWS\SYSTEM32\WINSPOOL.DRV
0x0000000002520000 - 0x0000000002553000 	C:\WINDOWS\SYSTEM32\sgfpaMX.dll
0x00007ffac7660000 - 0x00007ffac77f9000 	C:\Program Files\OpenJDK\openjdk-8u282-b08\jre\bin\awt.dll
0x00007ffb000e0000 - 0x00007ffb00171000 	C:\WINDOWS\SYSTEM32\apphelp.dll
0x00007ffaf2250000 - 0x00007ffaf2257000 	C:\Windows\System32\jnisgnfiqlib.dll
0x00007ffaef380000 - 0x00007ffaef39b000 	C:\WINDOWS\SYSTEM32\sgnfiqlib.dll
0x00007ffb010c0000 - 0x00007ffb012e1000 	C:\WINDOWS\SYSTEM32\dbghelp.dll

VM Arguments:
jvm_args: -Xverify:none -XX:TieredStopAtLevel=1 
java_command: com.example.rest.service.RestServiceApplication
java_class_path (initial): C:\Users\achar\Downloads\rest_service\rest-service\target\classes;C:\Users\achar\.m2\repository\org\springframework\boot\spring-boot\2.6.4\spring-boot-2.6.4.jar;C:\Users\achar\.m2\repository\org\springframework\boot\spring-boot-autoconfigure\2.6.4\spring-boot-autoconfigure-2.6.4.jar;C:\Users\achar\.m2\repository\ch\qos\logback\logback-classic\1.2.10\logback-classic-1.2.10.jar;C:\Users\achar\.m2\repository\ch\qos\logback\logback-core\1.2.10\logback-core-1.2.10.jar;C:\Users\achar\.m2\repository\org\apache\logging\log4j\log4j-to-slf4j\2.17.1\log4j-to-slf4j-2.17.1.jar;C:\Users\achar\.m2\repository\org\apache\logging\log4j\log4j-api\2.17.1\log4j-api-2.17.1.jar;C:\Users\achar\.m2\repository\org\slf4j\jul-to-slf4j\1.7.36\jul-to-slf4j-1.7.36.jar;C:\Users\achar\.m2\repository\jakarta\annotation\jakarta.annotation-api\1.3.5\jakarta.annotation-api-1.3.5.jar;C:\Users\achar\.m2\repository\org\yaml\snakeyaml\1.29\snakeyaml-1.29.jar;C:\Users\achar\.m2\repository\com\fasterxml\jackson\core\jackson-databind\2.13.1\jackson-databind-2.13.1.jar;C:\Users\achar\.m2\repository\com\fasterxml\jackson\core\jackson-annotations\2.13.1\jackson-annotations-2.13.1.jar;C:\Users\achar\.m2\repository\com\fasterxml\jackson\core\jackson-core\2.13.1\jackson-core-2.13.1.jar;C:\Users\achar\.m2\repository\com\fasterxml\jackson\datatype\jackson-datatype-jdk8\2.13.1\jackson-datatype-jdk8-2.13.1.jar;C:\Users\achar\.m2\repository\com\fasterxml\jackson\datatype\jackson-datatype-jsr310\2.13.1\jackson-datatype-jsr310-2.13.1.jar;C:\Users\achar\.m2\repository\com\fasterxml\jackson\module\jackson-module-parameter-names\2.13.1\jackson-module-parameter-names-2.13.1.jar;C:\Users\achar\.m2\repository\org\apache\tomcat\embed\tomcat-embed-core\9.0.58\tomcat-embed-core-9.0.58.jar;C:\Users\achar\.m2\repository\org\apache\tomcat\embed\tomcat-embed-el\9.0.58\tomcat-embed-el-9.0.58.jar;C:\Users\achar\.m2\repository\org\apache\tomcat\embed\tomcat-embed-websocket\9.0.58\tomcat-embed-websocket-9.0.58
Launcher Type: SUN_STANDARD

Environment Variables:
JAVA_HOME=C:\Program Files\OpenJDK\openjdk-8u282-b08
PATH=C:\Program Files\Common Files\Oracle\Java\javapath;C:\Python39\Scripts\;C:\Python39\;C:\WINDOWS\system32;C:\WINDOWS;C:\WINDOWS\System32\Wbem;C:\WINDOWS\System32\WindowsPowerShell\v1.0\;C:\WINDOWS\System32\OpenSSH\;C:\Program Files\nodejs\;C:\ProgramData\chocolatey\bin;C:\Program Files\Git\cmd;C:\Program Files\OpenJDK\openjdk-8u282-b08\bin;C:\xampp\php;C:\ProgramData\ComposerSetup\bin;C:\Program Files\apache-maven-3.8.4\bin;C:\Users\achar\AppData\Local\Microsoft\WindowsApps;C:\Users\achar\AppData\Roaming\npm;C:\Users\achar\AppData\Local\Programs\Microsoft VS Code\bin;C:\Users\achar\AppData\Local\Android\Sdk;C:\Users\achar\AppData\Local\Android\Sdk\platform-tools;C:\Users\achar\AppData\Roaming\Composer\vendor\bin;
USERNAME=achar
OS=Windows_NT
PROCESSOR_IDENTIFIER=Intel64 Family 6 Model 158 Stepping 10, GenuineIntel



---------------  S Y S T E M  ---------------

OS: Windows 10.0 , 64 bit Build 22000 (10.0.22000.434)

CPU:total 8 (initial active 8) (4 cores per cpu, 2 threads per core) family 6 model 158 stepping 10, cmov, cx8, fxsr, mmx, sse, sse2, sse3, ssse3, sse4.1, sse4.2, popcnt, avx, avx2, aes, clmul, erms, 3dnowpref, lzcnt, ht, tsc, tscinvbit, bmi1, bmi2, adx

Memory: 4k page, physical 8275188k(979632k free), swap 16663796k(5794288k free)

vm_info: OpenJDK 64-Bit Server VM (25.282-b08) for windows-amd64 JRE (1.8.0_282-b08), built on Jan 11 2021 12:17:07 by "build" with MS VC++ 10.0 (VS2010)

time: Fri Mar 25 13:43:10 2022
timezone: Nepal Standard Time
elapsed time: 244.085312 seconds (0d 0h 4m 4s)

